{"meta": {"format": 3, "version": "7.13.5", "timestamp": "2026-07-19T22:42:24.879999", "branch_coverage": false, "show_contexts": false}, "files": {"backend\\src\\prompt_optimizer\\__init__.py": {"executed_lines": [3], "summary": {"covered_lines": 1, "num_statements": 1, "percent_covered": 100.0, "percent_covered_display": "100", "missing_lines": 0, "excluded_lines": 0, "percent_statements_covered": 100.0, "percent_statements_covered_display": "100"}, "missing_lines": [], "excluded_lines": [], "functions": {"": {"executed_lines": [3], "summary": {"covered_lines": 1, "num_statements": 1, "percent_covered": 100.0, "percent_covered_display": "100", "missing_lines": 0, "excluded_lines": 0, "percent_statements_covered": 100.0, "percent_statements_covered_display": "100"}, "missing_lines": [], "excluded_lines": [], "start_line": 1}}, "classes": {"": {"executed_lines": [3], "summary": {"covered_lines": 1, "num_statements": 1, "percent_covered": 100.0, "percent_covered_display": "100", "missing_lines": 0, "excluded_lines": 0, "percent_statements_covered": 100.0, "percent_statements_covered_display": "100"}, "missing_lines": [], "excluded_lines": [], "start_line": 1}}}, "backend\\src\\prompt_optimizer\\api\\__init__.py": {"executed_lines": [1, 3], "summary": {"covered_lines": 2, "num_statements": 2, "percent_covered": 100.0, "percent_covered_display": "100", "missing_lines": 0, "excluded_lines": 0, "percent_statements_covered": 100.0, "percent_statements_covered_display": "100"}, "missing_lines": [], "excluded_lines": [], "functions": {"": {"executed_lines": [1, 3], "summary": {"covered_lines": 2, "num_statements": 2, "percent_covered": 100.0, "percent_covered_display": "100", "missing_lines": 0, "excluded_lines": 0, "percent_statements_covered": 100.0, "percent_statements_covered_display": "100"}, "missing_lines": [], "excluded_lines": [], "start_line": 1}}, "classes": {"": {"executed_lines": [1, 3], "summary": {"covered_lines": 2, "num_statements": 2, "percent_covered": 100.0, "percent_covered_display": "100", "missing_lines": 0, "excluded_lines": 0, "percent_statements_covered": 100.0, "percent_statements_covered_display": "100"}, "missing_lines": [], "excluded_lines": [], "start_line": 1}}}, "backend\\src\\prompt_optimizer\\api\\app.py": {"executed_lines": [1, 3, 4, 5, 6, 7, 8, 9, 10, 11, 13, 24, 25, 26, 27, 29, 30, 63, 64, 65, 72, 73, 74, 75, 76, 77, 78, 79, 80, 88, 97, 98, 101, 111, 113, 115, 117, 118, 119, 123, 124, 125, 126, 128, 137, 138, 139, 140, 142, 144, 145, 149, 150, 151, 152, 153, 154, 164, 166, 168, 169, 173, 174, 175, 176, 177, 178, 179, 180, 181, 182, 183, 187, 191, 192, 199, 200, 201, 203, 222, 223, 225, 227, 228, 229, 235, 236, 237, 239, 240, 241, 242, 243, 244, 245, 246, 251, 253, 258, 259, 274, 275, 276, 277, 283, 284, 288, 289, 290, 291, 297, 298, 299, 300, 302, 303, 309, 310, 311, 312, 318, 319, 322, 323, 327, 328, 332, 333, 342, 343, 349, 350, 357, 358, 364, 365, 366, 367, 371, 372, 384, 385, 386, 387, 391, 392, 393, 394, 395, 406, 407, 408, 410, 411, 418, 419, 423, 424, 448, 449, 456, 457, 458, 459, 463, 464, 465, 466, 470, 471, 475, 476, 481, 485, 486, 490, 491, 492, 497, 501, 503, 504, 514, 515, 518, 519, 525, 526, 527, 529, 530, 531, 532, 536, 537, 538, 539, 543, 544, 545, 546, 550, 551, 552, 553, 557, 558, 559, 561, 562, 563, 564, 566, 567, 572, 573, 574, 575, 576, 592, 594, 596, 597, 599, 600, 603, 611, 612, 619, 621, 622, 623, 624, 625, 626, 627, 628, 632, 633, 634, 636, 642, 643, 644, 660, 661, 663, 669, 670, 671, 676, 677, 678, 680, 685, 686, 687, 688, 690, 691, 700, 701, 707, 708, 710, 711, 713, 714, 728, 730, 732, 733, 734, 735, 736, 737, 738, 744, 745, 747, 748, 749, 750, 751, 752, 756, 757, 760, 776, 777, 780, 781, 782, 786, 787, 790, 791, 792, 794, 795, 796, 808, 810, 811, 812, 815, 829, 830, 831, 833, 834, 835, 840, 841, 846, 847, 848, 853, 854, 856, 857, 862, 863, 868, 869, 871, 872, 877, 878, 883, 884, 886, 887, 888, 889, 890, 891, 892, 893, 895, 896, 900, 901, 902, 905, 906, 907, 909, 910, 911, 913, 914, 920, 921, 922, 923, 925, 926, 927, 928, 929, 930, 931, 933, 934, 938, 939, 940, 944, 945, 949, 950, 951, 952, 953, 954, 956, 957, 968, 969, 973, 974, 975, 976, 981, 987, 989, 990, 991, 993, 994, 995, 1002, 1003, 1004, 1007, 1009, 1011, 1012, 1013, 1015, 1018, 1028, 1030, 1041, 1042, 1043, 1045, 1046, 1051, 1052, 1053, 1054, 1060, 1061, 1062, 1063, 1064, 1067, 1068, 1069, 1072, 1076, 1077, 1078, 1079, 1080, 1081, 1082, 1083, 1084, 1087, 1091, 1092, 1093, 1096, 1099, 1100, 1101, 1104, 1105, 1106, 1107, 1108, 1112, 1113, 1115, 1116, 1118, 1125, 1128, 1129, 1130, 1131, 1140, 1156, 1161, 1162, 1163, 1164, 1165, 1168, 1169, 1170, 1171, 1172, 1175, 1181, 1182, 1183, 1198, 1200, 1203, 1209, 1210, 1214, 1217, 1223, 1224, 1225, 1226, 1227, 1234, 1247, 1249, 1252, 1253, 1254, 1257, 1258, 1259, 1260, 1261, 1264, 1281, 1282, 1284, 1287, 1288, 1289, 1290, 1291, 1292, 1293, 1295, 1296, 1298, 1312, 1313, 1315, 1323, 1324, 1334, 1335, 1344, 1345, 1346, 1347, 1348, 1349, 1353, 1356, 1362, 1372], "summary": {"covered_lines": 524, "num_statements": 644, "percent_covered": 81.36645962732919, "percent_covered_display": "81", "missing_lines": 120, "excluded_lines": 0, "percent_statements_covered": 81.36645962732919, "percent_statements_covered_display": "81"}, "missing_lines": [112, 114, 116, 304, 315, 316, 324, 325, 339, 340, 344, 345, 346, 347, 351, 352, 353, 354, 355, 359, 360, 361, 362, 368, 369, 373, 374, 375, 381, 382, 388, 389, 403, 404, 412, 453, 454, 460, 461, 467, 468, 482, 483, 498, 499, 505, 506, 511, 512, 516, 520, 521, 522, 523, 533, 534, 540, 541, 547, 548, 554, 555, 593, 595, 662, 679, 689, 709, 712, 783, 793, 824, 903, 904, 915, 916, 917, 918, 941, 942, 962, 963, 964, 965, 966, 977, 978, 979, 980, 1029, 1044, 1065, 1066, 1094, 1095, 1109, 1114, 1117, 1132, 1133, 1134, 1135, 1136, 1137, 1141, 1142, 1157, 1158, 1211, 1212, 1283, 1294, 1297, 1314, 1316, 1317, 1325, 1326, 1327, 1328], "excluded_lines": [], "functions": {"create_app": {"executed_lines": [111, 113, 115, 117, 118, 119, 123, 124, 128, 137, 138, 139, 140, 142, 144, 145, 166, 168, 169, 203, 222, 223, 225, 227, 228, 235, 236, 239, 240, 253, 258, 274, 275, 283, 284, 302, 303, 309, 310, 318, 319, 327, 328, 342, 343, 349, 350, 357, 358, 364, 365, 371, 372, 384, 385, 391, 392, 406, 407, 410, 411, 418, 419, 456, 457, 463, 464, 470, 471, 485, 486, 503, 504, 514, 515, 518, 519, 525, 526, 529, 530, 536, 537, 543, 544, 550, 551, 557, 558, 561, 562, 566, 567, 599, 600, 611, 612, 732, 733, 810, 811, 833, 834, 840, 841, 856, 857, 871, 872, 886, 887, 895, 896, 909, 910, 913, 914, 920, 921, 925, 926, 933, 934, 944, 945, 956, 957, 968, 969, 989, 990, 991, 993, 1009, 1011, 1012, 1013, 1015], "summary": {"covered_lines": 138, "num_statements": 141, "percent_covered": 97.87234042553192, "percent_covered_display": "98", "missing_lines": 3, "excluded_lines": 0, "percent_statements_covered": 97.87234042553192, "percent_statements_covered_display": "98"}, "missing_lines": [112, 114, 116], "excluded_lines": [], "start_line": 101}, "create_app.lifespan": {"executed_lines": [125, 126], "summary": {"covered_lines": 2, "num_statements": 2, "percent_covered": 100.0, "percent_covered_display": "100", "missing_lines": 0, "excluded_lines": 0, "percent_statements_covered": 100.0, "percent_statements_covered_display": "100"}, "missing_lines": [], "excluded_lines": [], "start_line": 124}, "create_app.request_logging": {"executed_lines": [149, 150, 151, 152, 153, 154, 164], "summary": {"covered_lines": 7, "num_statements": 7, "percent_covered": 100.0, "percent_covered_display": "100", "missing_lines": 0, "excluded_lines": 0, "percent_statements_covered": 100.0, "percent_statements_covered_display": "100"}, "missing_lines": [], "excluded_lines": [], "start_line": 145}, "create_app.app_server_boundary": {"executed_lines": [173, 174, 175, 176, 177, 178, 179, 180, 181, 182, 183, 187, 191, 192, 199, 200, 201], "summary": {"covered_lines": 17, "num_statements": 17, "percent_covered": 100.0, "percent_covered_display": "100", "missing_lines": 0, "excluded_lines": 0, "percent_statements_covered": 100.0, "percent_statements_covered_display": "100"}, "missing_lines": [], "excluded_lines": [], "start_line": 169}, "create_app.health": {"executed_lines": [229], "summary": {"covered_lines": 1, "num_statements": 1, "percent_covered": 100.0, "percent_covered_display": "100", "missing_lines": 0, "excluded_lines": 0, "percent_statements_covered": 100.0, "percent_statements_covered_display": "100"}, "missing_lines": [], "excluded_lines": [], "start_line": 228}, "create_app.config": {"executed_lines": [237], "summary": {"covered_lines": 1, "num_statements": 1, "percent_covered": 100.0, "percent_covered_display": "100", "missing_lines": 0, "excluded_lines": 0, "percent_statements_covered": 100.0, "percent_statements_covered_display": "100"}, "missing_lines": [], "excluded_lines": [], "start_line": 236}, "create_app.metrics": {"executed_lines": [241, 242, 243, 244, 245, 246, 251], "summary": {"covered_lines": 7, "num_statements": 7, "percent_covered": 100.0, "percent_covered_display": "100", "missing_lines": 0, "excluded_lines": 0, "percent_statements_covered": 100.0, "percent_statements_covered_display": "100"}, "missing_lines": [], "excluded_lines": [], "start_line": 240}, "create_app.provider_privacy": {"executed_lines": [259], "summary": {"covered_lines": 1, "num_statements": 1, "percent_covered": 100.0, "percent_covered_display": "100", "missing_lines": 0, "excluded_lines": 0, "percent_statements_covered": 100.0, "percent_statements_covered_display": "100"}, "missing_lines": [], "excluded_lines": [], "start_line": 258}, "create_app.local_model_state": {"executed_lines": [276, 277], "summary": {"covered_lines": 2, "num_statements": 2, "percent_covered": 100.0, "percent_covered_display": "100", "missing_lines": 0, "excluded_lines": 0, "percent_statements_covered": 100.0, "percent_statements_covered_display": "100"}, "missing_lines": [], "excluded_lines": [], "start_line": 275}, "create_app.local_model_event": {"executed_lines": [288, 289, 290, 291, 297, 298, 299, 300], "summary": {"covered_lines": 8, "num_statements": 8, "percent_covered": 100.0, "percent_covered_display": "100", "missing_lines": 0, "excluded_lines": 0, "percent_statements_covered": 100.0, "percent_statements_covered_display": "100"}, "missing_lines": [], "excluded_lines": [], "start_line": 284}, "create_app.local_model_directory": {"executed_lines": [], "summary": {"covered_lines": 0, "num_statements": 1, "percent_covered": 0.0, "percent_covered_display": "0", "missing_lines": 1, "excluded_lines": 0, "percent_statements_covered": 0.0, "percent_statements_covered_display": "0"}, "missing_lines": [304], "excluded_lines": [], "start_line": 303}, "create_app.check_local_model_directory": {"executed_lines": [311, 312], "summary": {"covered_lines": 2, "num_statements": 4, "percent_covered": 50.0, "percent_covered_display": "50", "missing_lines": 2, "excluded_lines": 0, "percent_statements_covered": 50.0, "percent_statements_covered_display": "50"}, "missing_lines": [315, 316], "excluded_lines": [], "start_line": 310}, "create_app.migrate_local_model_directory": {"executed_lines": [322, 323], "summary": {"covered_lines": 2, "num_statements": 4, "percent_covered": 50.0, "percent_covered_display": "50", "missing_lines": 2, "excluded_lines": 0, "percent_statements_covered": 50.0, "percent_statements_covered_display": "50"}, "missing_lines": [324, 325], "excluded_lines": [], "start_line": 319}, "create_app.install_local_model_version": {"executed_lines": [332, 333], "summary": {"covered_lines": 2, "num_statements": 4, "percent_covered": 50.0, "percent_covered_display": "50", "missing_lines": 2, "excluded_lines": 0, "percent_statements_covered": 50.0, "percent_statements_covered_display": "50"}, "missing_lines": [339, 340], "excluded_lines": [], "start_line": 328}, "create_app.rollback_local_model": {"executed_lines": [], "summary": {"covered_lines": 0, "num_statements": 4, "percent_covered": 0.0, "percent_covered_display": "0", "missing_lines": 4, "excluded_lines": 0, "percent_statements_covered": 0.0, "percent_statements_covered_display": "0"}, "missing_lines": [344, 345, 346, 347], "excluded_lines": [], "start_line": 343}, "create_app.repair_local_model": {"executed_lines": [], "summary": {"covered_lines": 0, "num_statements": 5, "percent_covered": 0.0, "percent_covered_display": "0", "missing_lines": 5, "excluded_lines": 0, "percent_statements_covered": 0.0, "percent_statements_covered_display": "0"}, "missing_lines": [351, 352, 353, 354, 355], "excluded_lines": [], "start_line": 350}, "create_app.cleanup_local_models": {"executed_lines": [], "summary": {"covered_lines": 0, "num_statements": 4, "percent_covered": 0.0, "percent_covered_display": "0", "missing_lines": 4, "excluded_lines": 0, "percent_statements_covered": 0.0, "percent_statements_covered_display": "0"}, "missing_lines": [359, 360, 361, 362], "excluded_lines": [], "start_line": 358}, "create_app.uninstall_registered_local_model": {"executed_lines": [366, 367], "summary": {"covered_lines": 2, "num_statements": 4, "percent_covered": 50.0, "percent_covered_display": "50", "missing_lines": 2, "excluded_lines": 0, "percent_statements_covered": 50.0, "percent_statements_covered_display": "50"}, "missing_lines": [368, 369], "excluded_lines": [], "start_line": 365}, "create_app.local_runner_models": {"executed_lines": [], "summary": {"covered_lines": 0, "num_statements": 5, "percent_covered": 0.0, "percent_covered_display": "0", "missing_lines": 5, "excluded_lines": 0, "percent_statements_covered": 0.0, "percent_statements_covered_display": "0"}, "missing_lines": [373, 374, 375, 381, 382], "excluded_lines": [], "start_line": 372}, "create_app.local_runner_capabilities": {"executed_lines": [386, 387], "summary": {"covered_lines": 2, "num_statements": 4, "percent_covered": 50.0, "percent_covered_display": "50", "missing_lines": 2, "excluded_lines": 0, "percent_statements_covered": 50.0, "percent_statements_covered_display": "50"}, "missing_lines": [388, 389], "excluded_lines": [], "start_line": 385}, "create_app.local_runner_health": {"executed_lines": [393, 394, 395], "summary": {"covered_lines": 3, "num_statements": 5, "percent_covered": 60.0, "percent_covered_display": "60", "missing_lines": 2, "excluded_lines": 0, "percent_statements_covered": 60.0, "percent_statements_covered_display": "60"}, "missing_lines": [403, 404], "excluded_lines": [], "start_line": 392}, "create_app.local_runner_queue": {"executed_lines": [408], "summary": {"covered_lines": 1, "num_statements": 1, "percent_covered": 100.0, "percent_covered_display": "100", "missing_lines": 0, "excluded_lines": 0, "percent_statements_covered": 100.0, "percent_statements_covered_display": "100"}, "missing_lines": [], "excluded_lines": [], "start_line": 407}, "create_app.local_runner_resources": {"executed_lines": [], "summary": {"covered_lines": 0, "num_statements": 1, "percent_covered": 0.0, "percent_covered_display": "0", "missing_lines": 1, "excluded_lines": 0, "percent_statements_covered": 0.0, "percent_statements_covered_display": "0"}, "missing_lines": [412], "excluded_lines": [], "start_line": 411}, "create_app.configure_local_runner_resources": {"executed_lines": [423, 424, 448, 449], "summary": {"covered_lines": 4, "num_statements": 6, "percent_covered": 66.66666666666667, "percent_covered_display": "67", "missing_lines": 2, "excluded_lines": 0, "percent_statements_covered": 66.66666666666667, "percent_statements_covered_display": "67"}, "missing_lines": [453, 454], "excluded_lines": [], "start_line": 419}, "create_app.load_local_runner_model": {"executed_lines": [458, 459], "summary": {"covered_lines": 2, "num_statements": 4, "percent_covered": 50.0, "percent_covered_display": "50", "missing_lines": 2, "excluded_lines": 0, "percent_statements_covered": 50.0, "percent_statements_covered_display": "50"}, "missing_lines": [460, 461], "excluded_lines": [], "start_line": 457}, "create_app.unload_local_runner_model": {"executed_lines": [465, 466], "summary": {"covered_lines": 2, "num_statements": 4, "percent_covered": 50.0, "percent_covered_display": "50", "missing_lines": 2, "excluded_lines": 0, "percent_statements_covered": 50.0, "percent_statements_covered_display": "50"}, "missing_lines": [467, 468], "excluded_lines": [], "start_line": 464}, "create_app.generate_local_runner": {"executed_lines": [475, 476, 481], "summary": {"covered_lines": 3, "num_statements": 5, "percent_covered": 60.0, "percent_covered_display": "60", "missing_lines": 2, "excluded_lines": 0, "percent_statements_covered": 60.0, "percent_statements_covered_display": "60"}, "missing_lines": [482, 483], "excluded_lines": [], "start_line": 471}, "create_app.stream_local_runner": {"executed_lines": [490, 501], "summary": {"covered_lines": 2, "num_statements": 2, "percent_covered": 100.0, "percent_covered_display": "100", "missing_lines": 0, "excluded_lines": 0, "percent_statements_covered": 100.0, "percent_statements_covered_display": "100"}, "missing_lines": [], "excluded_lines": [], "start_line": 486}, "create_app.stream_local_runner.events": {"executed_lines": [491, 492, 497], "summary": {"covered_lines": 3, "num_statements": 5, "percent_covered": 60.0, "percent_covered_display": "60", "missing_lines": 2, "excluded_lines": 0, "percent_statements_covered": 60.0, "percent_statements_covered_display": "60"}, "missing_lines": [498, 499], "excluded_lines": [], "start_line": 490}, "create_app.cancel_local_runner": {"executed_lines": [], "summary": {"covered_lines": 0, "num_statements": 4, "percent_covered": 0.0, "percent_covered_display": "0", "missing_lines": 4, "excluded_lines": 0, "percent_statements_covered": 0.0, "percent_statements_covered_display": "0"}, "missing_lines": [505, 506, 511, 512], "excluded_lines": [], "start_line": 504}, "create_app.cleanup_preview": {"executed_lines": [], "summary": {"covered_lines": 0, "num_statements": 1, "percent_covered": 0.0, "percent_covered_display": "0", "missing_lines": 1, "excluded_lines": 0, "percent_statements_covered": 0.0, "percent_statements_covered_display": "0"}, "missing_lines": [516], "excluded_lines": [], "start_line": 515}, "create_app.cleanup": {"executed_lines": [], "summary": {"covered_lines": 0, "num_statements": 4, "percent_covered": 0.0, "percent_covered_display": "0", "missing_lines": 4, "excluded_lines": 0, "percent_statements_covered": 0.0, "percent_statements_covered_display": "0"}, "missing_lines": [520, 521, 522, 523], "excluded_lines": [], "start_line": 519}, "create_app.retention_preview": {"executed_lines": [527], "summary": {"covered_lines": 1, "num_statements": 1, "percent_covered": 100.0, "percent_covered_display": "100", "missing_lines": 0, "excluded_lines": 0, "percent_statements_covered": 100.0, "percent_statements_covered_display": "100"}, "missing_lines": [], "excluded_lines": [], "start_line": 526}, "create_app.retention": {"executed_lines": [531, 532], "summary": {"covered_lines": 2, "num_statements": 4, "percent_covered": 50.0, "percent_covered_display": "50", "missing_lines": 2, "excluded_lines": 0, "percent_statements_covered": 50.0, "percent_statements_covered_display": "50"}, "missing_lines": [533, 534], "excluded_lines": [], "start_line": 530}, "create_app.analyze": {"executed_lines": [538, 539], "summary": {"covered_lines": 2, "num_statements": 4, "percent_covered": 50.0, "percent_covered_display": "50", "missing_lines": 2, "excluded_lines": 0, "percent_statements_covered": 50.0, "percent_statements_covered_display": "50"}, "missing_lines": [540, 541], "excluded_lines": [], "start_line": 537}, "create_app.register": {"executed_lines": [545, 546], "summary": {"covered_lines": 2, "num_statements": 4, "percent_covered": 50.0, "percent_covered_display": "50", "missing_lines": 2, "excluded_lines": 0, "percent_statements_covered": 50.0, "percent_statements_covered_display": "50"}, "missing_lines": [547, 548], "excluded_lines": [], "start_line": 544}, "create_app.login": {"executed_lines": [552, 553], "summary": {"covered_lines": 2, "num_statements": 4, "percent_covered": 50.0, "percent_covered_display": "50", "missing_lines": 2, "excluded_lines": 0, "percent_statements_covered": 50.0, "percent_statements_covered_display": "50"}, "missing_lines": [554, 555], "excluded_lines": [], "start_line": 551}, "create_app.me": {"executed_lines": [559], "summary": {"covered_lines": 1, "num_statements": 1, "percent_covered": 100.0, "percent_covered_display": "100", "missing_lines": 0, "excluded_lines": 0, "percent_statements_covered": 100.0, "percent_statements_covered_display": "100"}, "missing_lines": [], "excluded_lines": [], "start_line": 558}, "create_app.projects": {"executed_lines": [563, 564], "summary": {"covered_lines": 2, "num_statements": 2, "percent_covered": 100.0, "percent_covered_display": "100", "missing_lines": 0, "excluded_lines": 0, "percent_statements_covered": 100.0, "percent_statements_covered_display": "100"}, "missing_lines": [], "excluded_lines": [], "start_line": 562}, "create_app.optimize": {"executed_lines": [572, 573, 574, 575, 576, 592, 594, 596, 597], "summary": {"covered_lines": 9, "num_statements": 11, "percent_covered": 81.81818181818181, "percent_covered_display": "82", "missing_lines": 2, "excluded_lines": 0, "percent_statements_covered": 81.81818181818181, "percent_statements_covered_display": "82"}, "missing_lines": [593, 595], "excluded_lines": [], "start_line": 567}, "create_app.execution_destination_preview": {"executed_lines": [603], "summary": {"covered_lines": 1, "num_statements": 1, "percent_covered": 100.0, "percent_covered_display": "100", "missing_lines": 0, "excluded_lines": 0, "percent_statements_covered": 100.0, "percent_statements_covered_display": "100"}, "missing_lines": [], "excluded_lines": [], "start_line": 600}, "create_app.optimize_stream": {"executed_lines": [619, 621, 730], "summary": {"covered_lines": 3, "num_statements": 3, "percent_covered": 100.0, "percent_covered_display": "100", "missing_lines": 0, "excluded_lines": 0, "percent_statements_covered": 100.0, "percent_statements_covered_display": "100"}, "missing_lines": [], "excluded_lines": [], "start_line": 612}, "create_app.optimize_stream.events": {"executed_lines": [622, 623, 624, 625, 626, 627, 628, 632, 633, 634, 636, 642, 643, 644, 660, 661, 663, 669, 670, 671, 676, 677, 678, 680, 685, 686, 687, 688, 690, 691, 700, 701, 707, 708, 710, 711, 713, 714, 728], "summary": {"covered_lines": 39, "num_statements": 44, "percent_covered": 88.63636363636364, "percent_covered_display": "89", "missing_lines": 5, "excluded_lines": 0, "percent_statements_covered": 88.63636363636364, "percent_statements_covered_display": "89"}, "missing_lines": [662, 679, 689, 709, 712], "excluded_lines": [], "start_line": 621}, "create_app.optimize_websocket": {"executed_lines": [734, 735, 736, 737, 738, 744, 745, 747, 748, 749, 750, 751, 752, 756, 757, 760, 776, 777, 780, 781, 782, 786, 787, 790, 791, 792, 794, 795, 796, 808], "summary": {"covered_lines": 30, "num_statements": 32, "percent_covered": 93.75, "percent_covered_display": "94", "missing_lines": 2, "excluded_lines": 0, "percent_statements_covered": 93.75, "percent_statements_covered_display": "94"}, "missing_lines": [783, 793], "excluded_lines": [], "start_line": 733}, "create_app.cancel_optimize_stream": {"executed_lines": [812, 815, 829, 830, 831], "summary": {"covered_lines": 5, "num_statements": 6, "percent_covered": 83.33333333333333, "percent_covered_display": "83", "missing_lines": 1, "excluded_lines": 0, "percent_statements_covered": 83.33333333333333, "percent_statements_covered_display": "83"}, "missing_lines": [824], "excluded_lines": [], "start_line": 811}, "create_app.cancel_optimize": {"executed_lines": [835], "summary": {"covered_lines": 1, "num_statements": 1, "percent_covered": 100.0, "percent_covered_display": "100", "missing_lines": 0, "excluded_lines": 0, "percent_statements_covered": 100.0, "percent_statements_covered_display": "100"}, "missing_lines": [], "excluded_lines": [], "start_line": 834}, "create_app.create_optimize_task": {"executed_lines": [846, 847, 848, 853, 854], "summary": {"covered_lines": 5, "num_statements": 5, "percent_covered": 100.0, "percent_covered_display": "100", "missing_lines": 0, "excluded_lines": 0, "percent_statements_covered": 100.0, "percent_statements_covered_display": "100"}, "missing_lines": [], "excluded_lines": [], "start_line": 841}, "create_app.create_export_task": {"executed_lines": [862, 863, 868, 869], "summary": {"covered_lines": 4, "num_statements": 4, "percent_covered": 100.0, "percent_covered_display": "100", "missing_lines": 0, "excluded_lines": 0, "percent_statements_covered": 100.0, "percent_statements_covered_display": "100"}, "missing_lines": [], "excluded_lines": [], "start_line": 857}, "create_app.create_evaluate_task": {"executed_lines": [877, 878, 883, 884], "summary": {"covered_lines": 4, "num_statements": 4, "percent_covered": 100.0, "percent_covered_display": "100", "missing_lines": 0, "excluded_lines": 0, "percent_statements_covered": 100.0, "percent_statements_covered_display": "100"}, "missing_lines": [], "excluded_lines": [], "start_line": 872}, "create_app.get_task": {"executed_lines": [888, 889, 890, 891, 892, 893], "summary": {"covered_lines": 6, "num_statements": 6, "percent_covered": 100.0, "percent_covered_display": "100", "missing_lines": 0, "excluded_lines": 0, "percent_statements_covered": 100.0, "percent_statements_covered_display": "100"}, "missing_lines": [], "excluded_lines": [], "start_line": 887}, "create_app.get_task_result": {"executed_lines": [900, 901, 902, 905, 906, 907], "summary": {"covered_lines": 6, "num_statements": 8, "percent_covered": 75.0, "percent_covered_display": "75", "missing_lines": 2, "excluded_lines": 0, "percent_statements_covered": 75.0, "percent_statements_covered_display": "75"}, "missing_lines": [903, 904], "excluded_lines": [], "start_line": 896}, "create_app.templates": {"executed_lines": [911], "summary": {"covered_lines": 1, "num_statements": 1, "percent_covered": 100.0, "percent_covered_display": "100", "missing_lines": 0, "excluded_lines": 0, "percent_statements_covered": 100.0, "percent_statements_covered_display": "100"}, "missing_lines": [], "excluded_lines": [], "start_line": 910}, "create_app.template": {"executed_lines": [], "summary": {"covered_lines": 0, "num_statements": 4, "percent_covered": 0.0, "percent_covered_display": "0", "missing_lines": 4, "excluded_lines": 0, "percent_statements_covered": 0.0, "percent_statements_covered_display": "0"}, "missing_lines": [915, 916, 917, 918], "excluded_lines": [], "start_line": 914}, "create_app.history": {"executed_lines": [922, 923], "summary": {"covered_lines": 2, "num_statements": 2, "percent_covered": 100.0, "percent_covered_display": "100", "missing_lines": 0, "excluded_lines": 0, "percent_statements_covered": 100.0, "percent_statements_covered_display": "100"}, "missing_lines": [], "excluded_lines": [], "start_line": 921}, "create_app.version": {"executed_lines": [927, 928, 929, 930, 931], "summary": {"covered_lines": 5, "num_statements": 5, "percent_covered": 100.0, "percent_covered_display": "100", "missing_lines": 0, "excluded_lines": 0, "percent_statements_covered": 100.0, "percent_statements_covered_display": "100"}, "missing_lines": [], "excluded_lines": [], "start_line": 926}, "create_app.accept_version": {"executed_lines": [938, 939, 940], "summary": {"covered_lines": 3, "num_statements": 5, "percent_covered": 60.0, "percent_covered_display": "60", "missing_lines": 2, "excluded_lines": 0, "percent_statements_covered": 60.0, "percent_statements_covered_display": "60"}, "missing_lines": [941, 942], "excluded_lines": [], "start_line": 934}, "create_app.delete_version": {"executed_lines": [949, 950, 951, 952, 953, 954], "summary": {"covered_lines": 6, "num_statements": 6, "percent_covered": 100.0, "percent_covered_display": "100", "missing_lines": 0, "excluded_lines": 0, "percent_statements_covered": 100.0, "percent_statements_covered_display": "100"}, "missing_lines": [], "excluded_lines": [], "start_line": 945}, "create_app.diff": {"executed_lines": [], "summary": {"covered_lines": 0, "num_statements": 5, "percent_covered": 0.0, "percent_covered_display": "0", "missing_lines": 5, "excluded_lines": 0, "percent_statements_covered": 0.0, "percent_statements_covered_display": "0"}, "missing_lines": [962, 963, 964, 965, 966], "excluded_lines": [], "start_line": 957}, "create_app.export": {"executed_lines": [973, 974, 975, 976, 981, 987], "summary": {"covered_lines": 6, "num_statements": 10, "percent_covered": 60.0, "percent_covered_display": "60", "missing_lines": 4, "excluded_lines": 0, "percent_statements_covered": 60.0, "percent_statements_covered_display": "60"}, "missing_lines": [977, 978, 979, 980], "excluded_lines": [], "start_line": 969}, "create_app.custom_openapi": {"executed_lines": [994, 995, 1002, 1003, 1004, 1007], "summary": {"covered_lines": 6, "num_statements": 6, "percent_covered": 100.0, "percent_covered_display": "100", "missing_lines": 0, "excluded_lines": 0, "percent_statements_covered": 100.0, "percent_statements_covered_display": "100"}, "missing_lines": [], "excluded_lines": [], "start_line": 993}, "create_app_server": {"executed_lines": [1028, 1030], "summary": {"covered_lines": 2, "num_statements": 3, "percent_covered": 66.66666666666667, "percent_covered_display": "67", "missing_lines": 1, "excluded_lines": 0, "percent_statements_covered": 66.66666666666667, "percent_statements_covered_display": "67"}, "missing_lines": [1029], "excluded_lines": [], "start_line": 1018}, "_strict_request_error": {"executed_lines": [1042, 1043, 1045, 1046, 1051, 1052, 1053, 1054, 1060, 1061, 1062, 1063, 1064, 1067, 1068, 1069], "summary": {"covered_lines": 16, "num_statements": 19, "percent_covered": 84.21052631578948, "percent_covered_display": "84", "missing_lines": 3, "excluded_lines": 0, "percent_statements_covered": 84.21052631578948, "percent_statements_covered_display": "84"}, "missing_lines": [1044, 1065, 1066], "excluded_lines": [], "start_line": 1041}, "_strict_stream_request_error": {"executed_lines": [1076, 1077, 1078, 1079, 1080, 1081, 1082, 1083, 1084], "summary": {"covered_lines": 9, "num_statements": 9, "percent_covered": 100.0, "percent_covered_display": "100", "missing_lines": 0, "excluded_lines": 0, "percent_statements_covered": 100.0, "percent_statements_covered_display": "100"}, "missing_lines": [], "excluded_lines": [], "start_line": 1072}, "_prepare_prompt": {"executed_lines": [1091, 1092, 1093, 1096], "summary": {"covered_lines": 4, "num_statements": 6, "percent_covered": 66.66666666666667, "percent_covered_display": "67", "missing_lines": 2, "excluded_lines": 0, "percent_statements_covered": 66.66666666666667, "percent_statements_covered_display": "67"}, "missing_lines": [1094, 1095], "excluded_lines": [], "start_line": 1087}, "_validate_optimization_targets": {"executed_lines": [1100, 1101], "summary": {"covered_lines": 2, "num_statements": 2, "percent_covered": 100.0, "percent_covered_display": "100", "missing_lines": 0, "excluded_lines": 0, "percent_statements_covered": 100.0, "percent_statements_covered_display": "100"}, "missing_lines": [], "excluded_lines": [], "start_line": 1099}, "_hardware_int": {"executed_lines": [1105, 1106, 1107, 1108], "summary": {"covered_lines": 4, "num_statements": 5, "percent_covered": 80.0, "percent_covered_display": "80", "missing_lines": 1, "excluded_lines": 0, "percent_statements_covered": 80.0, "percent_statements_covered_display": "80"}, "missing_lines": [1109], "excluded_lines": [], "start_line": 1104}, "_gpu_memory_bytes": {"executed_lines": [1113, 1115, 1116, 1118, 1125], "summary": {"covered_lines": 5, "num_statements": 7, "percent_covered": 71.42857142857143, "percent_covered_display": "71", "missing_lines": 2, "excluded_lines": 0, "percent_statements_covered": 71.42857142857143, "percent_statements_covered_display": "71"}, "missing_lines": [1114, 1117], "excluded_lines": [], "start_line": 1112}, "_cpu_load_percent": {"executed_lines": [1129, 1130, 1131], "summary": {"covered_lines": 3, "num_statements": 9, "percent_covered": 33.333333333333336, "percent_covered_display": "33", "missing_lines": 6, "excluded_lines": 0, "percent_statements_covered": 33.333333333333336, "percent_statements_covered_display": "33"}, "missing_lines": [1132, 1133, 1134, 1135, 1136, 1137], "excluded_lines": [], "start_line": 1128}, "_provider_http_exception": {"executed_lines": [], "summary": {"covered_lines": 0, "num_statements": 2, "percent_covered": 0.0, "percent_covered_display": "0", "missing_lines": 2, "excluded_lines": 0, "percent_statements_covered": 0.0, "percent_statements_covered_display": "0"}, "missing_lines": [1141, 1142], "excluded_lines": [], "start_line": 1140}, "_runner_http_exception": {"executed_lines": [], "summary": {"covered_lines": 0, "num_statements": 2, "percent_covered": 0.0, "percent_covered_display": "0", "missing_lines": 2, "excluded_lines": 0, "percent_statements_covered": 0.0, "percent_statements_covered_display": "0"}, "missing_lines": [1157, 1158], "excluded_lines": [], "start_line": 1156}, "_current_user": {"executed_lines": [1162, 1163, 1164, 1165], "summary": {"covered_lines": 4, "num_statements": 4, "percent_covered": 100.0, "percent_covered_display": "100", "missing_lines": 0, "excluded_lines": 0, "percent_statements_covered": 100.0, "percent_statements_covered_display": "100"}, "missing_lines": [], "excluded_lines": [], "start_line": 1161}, "_optional_user": {"executed_lines": [1169, 1170, 1171, 1172], "summary": {"covered_lines": 4, "num_statements": 4, "percent_covered": 100.0, "percent_covered_display": "100", "missing_lines": 0, "excluded_lines": 0, "percent_statements_covered": 100.0, "percent_statements_covered_display": "100"}, "missing_lines": [], "excluded_lines": [], "start_line": 1168}, "_run_optimize_task": {"executed_lines": [1181, 1200], "summary": {"covered_lines": 2, "num_statements": 2, "percent_covered": 100.0, "percent_covered_display": "100", "missing_lines": 0, "excluded_lines": 0, "percent_statements_covered": 100.0, "percent_statements_covered_display": "100"}, "missing_lines": [], "excluded_lines": [], "start_line": 1175}, "_run_optimize_task.work": {"executed_lines": [1182, 1183, 1198], "summary": {"covered_lines": 3, "num_statements": 3, "percent_covered": 100.0, "percent_covered_display": "100", "missing_lines": 0, "excluded_lines": 0, "percent_statements_covered": 100.0, "percent_statements_covered_display": "100"}, "missing_lines": [], "excluded_lines": [], "start_line": 1181}, "_run_export_task": {"executed_lines": [1209, 1214], "summary": {"covered_lines": 2, "num_statements": 2, "percent_covered": 100.0, "percent_covered_display": "100", "missing_lines": 0, "excluded_lines": 0, "percent_statements_covered": 100.0, "percent_statements_covered_display": "100"}, "missing_lines": [], "excluded_lines": [], "start_line": 1203}, "_run_export_task.work": {"executed_lines": [1210], "summary": {"covered_lines": 1, "num_statements": 3, "percent_covered": 33.333333333333336, "percent_covered_display": "33", "missing_lines": 2, "excluded_lines": 0, "percent_statements_covered": 33.333333333333336, "percent_statements_covered_display": "33"}, "missing_lines": [1211, 1212], "excluded_lines": [], "start_line": 1209}, "_run_evaluate_task": {"executed_lines": [1223, 1249], "summary": {"covered_lines": 2, "num_statements": 2, "percent_covered": 100.0, "percent_covered_display": "100", "missing_lines": 0, "excluded_lines": 0, "percent_statements_covered": 100.0, "percent_statements_covered_display": "100"}, "missing_lines": [], "excluded_lines": [], "start_line": 1217}, "_run_evaluate_task.work": {"executed_lines": [1224, 1225, 1226, 1227, 1234, 1247], "summary": {"covered_lines": 6, "num_statements": 6, "percent_covered": 100.0, "percent_covered_display": "100", "missing_lines": 0, "excluded_lines": 0, "percent_statements_covered": 100.0, "percent_statements_covered_display": "100"}, "missing_lines": [], "excluded_lines": [], "start_line": 1223}, "_sse": {"executed_lines": [1253, 1254], "summary": {"covered_lines": 2, "num_statements": 2, "percent_covered": 100.0, "percent_covered_display": "100", "missing_lines": 0, "excluded_lines": 0, "percent_statements_covered": 100.0, "percent_statements_covered_display": "100"}, "missing_lines": [], "excluded_lines": [], "start_line": 1252}, "_stream_output": {"executed_lines": [1258, 1259, 1260, 1261], "summary": {"covered_lines": 4, "num_statements": 4, "percent_covered": 100.0, "percent_covered_display": "100", "missing_lines": 0, "excluded_lines": 0, "percent_statements_covered": 100.0, "percent_statements_covered_display": "100"}, "missing_lines": [], "excluded_lines": [], "start_line": 1257}, "_local_model_root": {"executed_lines": [1282, 1284], "summary": {"covered_lines": 2, "num_statements": 3, "percent_covered": 66.66666666666667, "percent_covered_display": "67", "missing_lines": 1, "excluded_lines": 0, "percent_statements_covered": 66.66666666666667, "percent_statements_covered_display": "67"}, "missing_lines": [1283], "excluded_lines": [], "start_line": 1281}, "_load_local_model_state": {"executed_lines": [1288, 1289, 1290, 1291, 1292, 1293, 1295, 1296, 1298, 1312, 1313, 1315, 1323, 1324, 1334, 1335], "summary": {"covered_lines": 16, "num_statements": 25, "percent_covered": 64.0, "percent_covered_display": "64", "missing_lines": 9, "excluded_lines": 0, "percent_statements_covered": 64.0, "percent_statements_covered_display": "64"}, "missing_lines": [1294, 1297, 1314, 1316, 1317, 1325, 1326, 1327, 1328], "excluded_lines": [], "start_line": 1287}, "_save_local_model_state": {"executed_lines": [1345, 1346, 1347, 1348, 1349, 1353], "summary": {"covered_lines": 6, "num_statements": 6, "percent_covered": 100.0, "percent_covered_display": "100", "missing_lines": 0, "excluded_lines": 0, "percent_statements_covered": 100.0, "percent_statements_covered_display": "100"}, "missing_lines": [], "excluded_lines": [], "start_line": 1344}, "_local_model_event": {"executed_lines": [1362], "summary": {"covered_lines": 1, "num_statements": 1, "percent_covered": 100.0, "percent_covered_display": "100", "missing_lines": 0, "excluded_lines": 0, "percent_statements_covered": 100.0, "percent_statements_covered_display": "100"}, "missing_lines": [], "excluded_lines": [], "start_line": 1356}, "": {"executed_lines": [1, 3, 4, 5, 6, 7, 8, 9, 10, 11, 13, 24, 25, 26, 27, 29, 30, 63, 64, 65, 72, 73, 74, 75, 76, 77, 78, 79, 80, 88, 97, 98, 101, 1018, 1041, 1072, 1087, 1099, 1104, 1112, 1128, 1140, 1156, 1161, 1168, 1175, 1203, 1217, 1252, 1257, 1264, 1281, 1287, 1344, 1356, 1372], "summary": {"covered_lines": 56, "num_statements": 56, "percent_covered": 100.0, "percent_covered_display": "100", "missing_lines": 0, "excluded_lines": 0, "percent_statements_covered": 100.0, "percent_statements_covered_display": "100"}, "missing_lines": [], "excluded_lines": [], "start_line": 1}}, "classes": {"": {"executed_lines": [1, 3, 4, 5, 6, 7, 8, 9, 10, 11, 13, 24, 25, 26, 27, 29, 30, 63, 64, 65, 72, 73, 74, 75, 76, 77, 78, 79, 80, 88, 97, 98, 101, 111, 113, 115, 117, 118, 119, 123, 124, 125, 126, 128, 137, 138, 139, 140, 142, 144, 145, 149, 150, 151, 152, 153, 154, 164, 166, 168, 169, 173, 174, 175, 176, 177, 178, 179, 180, 181, 182, 183, 187, 191, 192, 199, 200, 201, 203, 222, 223, 225, 227, 228, 229, 235, 236, 237, 239, 240, 241, 242, 243, 244, 245, 246, 251, 253, 258, 259, 274, 275, 276, 277, 283, 284, 288, 289, 290, 291, 297, 298, 299, 300, 302, 303, 309, 310, 311, 312, 318, 319, 322, 323, 327, 328, 332, 333, 342, 343, 349, 350, 357, 358, 364, 365, 366, 367, 371, 372, 384, 385, 386, 387, 391, 392, 393, 394, 395, 406, 407, 408, 410, 411, 418, 419, 423, 424, 448, 449, 456, 457, 458, 459, 463, 464, 465, 466, 470, 471, 475, 476, 481, 485, 486, 490, 491, 492, 497, 501, 503, 504, 514, 515, 518, 519, 525, 526, 527, 529, 530, 531, 532, 536, 537, 538, 539, 543, 544, 545, 546, 550, 551, 552, 553, 557, 558, 559, 561, 562, 563, 564, 566, 567, 572, 573, 574, 575, 576, 592, 594, 596, 597, 599, 600, 603, 611, 612, 619, 621, 622, 623, 624, 625, 626, 627, 628, 632, 633, 634, 636, 642, 643, 644, 660, 661, 663, 669, 670, 671, 676, 677, 678, 680, 685, 686, 687, 688, 690, 691, 700, 701, 707, 708, 710, 711, 713, 714, 728, 730, 732, 733, 734, 735, 736, 737, 738, 744, 745, 747, 748, 749, 750, 751, 752, 756, 757, 760, 776, 777, 780, 781, 782, 786, 787, 790, 791, 792, 794, 795, 796, 808, 810, 811, 812, 815, 829, 830, 831, 833, 834, 835, 840, 841, 846, 847, 848, 853, 854, 856, 857, 862, 863, 868, 869, 871, 872, 877, 878, 883, 884, 886, 887, 888, 889, 890, 891, 892, 893, 895, 896, 900, 901, 902, 905, 906, 907, 909, 910, 911, 913, 914, 920, 921, 922, 923, 925, 926, 927, 928, 929, 930, 931, 933, 934, 938, 939, 940, 944, 945, 949, 950, 951, 952, 953, 954, 956, 957, 968, 969, 973, 974, 975, 976, 981, 987, 989, 990, 991, 993, 994, 995, 1002, 1003, 1004, 1007, 1009, 1011, 1012, 1013, 1015, 1018, 1028, 1030, 1041, 1042, 1043, 1045, 1046, 1051, 1052, 1053, 1054, 1060, 1061, 1062, 1063, 1064, 1067, 1068, 1069, 1072, 1076, 1077, 1078, 1079, 1080, 1081, 1082, 1083, 1084, 1087, 1091, 1092, 1093, 1096, 1099, 1100, 1101, 1104, 1105, 1106, 1107, 1108, 1112, 1113, 1115, 1116, 1118, 1125, 1128, 1129, 1130, 1131, 1140, 1156, 1161, 1162, 1163, 1164, 1165, 1168, 1169, 1170, 1171, 1172, 1175, 1181, 1182, 1183, 1198, 1200, 1203, 1209, 1210, 1214, 1217, 1223, 1224, 1225, 1226, 1227, 1234, 1247, 1249, 1252, 1253, 1254, 1257, 1258, 1259, 1260, 1261, 1264, 1281, 1282, 1284, 1287, 1288, 1289, 1290, 1291, 1292, 1293, 1295, 1296, 1298, 1312, 1313, 1315, 1323, 1324, 1334, 1335, 1344, 1345, 1346, 1347, 1348, 1349, 1353, 1356, 1362, 1372], "summary": {"covered_lines": 524, "num_statements": 644, "percent_covered": 81.36645962732919, "percent_covered_display": "81", "missing_lines": 120, "excluded_lines": 0, "percent_statements_covered": 81.36645962732919, "percent_statements_covered_display": "81"}, "missing_lines": [112, 114, 116, 304, 315, 316, 324, 325, 339, 340, 344, 345, 346, 347, 351, 352, 353, 354, 355, 359, 360, 361, 362, 368, 369, 373, 374, 375, 381, 382, 388, 389, 403, 404, 412, 453, 454, 460, 461, 467, 468, 482, 483, 498, 499, 505, 506, 511, 512, 516, 520, 521, 522, 523, 533, 534, 540, 541, 547, 548, 554, 555, 593, 595, 662, 679, 689, 709, 712, 783, 793, 824, 903, 904, 915, 916, 917, 918, 941, 942, 962, 963, 964, 965, 966, 977, 978, 979, 980, 1029, 1044, 1065, 1066, 1094, 1095, 1109, 1114, 1117, 1132, 1133, 1134, 1135, 1136, 1137, 1141, 1142, 1157, 1158, 1211, 1212, 1283, 1294, 1297, 1314, 1316, 1317, 1325, 1326, 1327, 1328], "excluded_lines": [], "start_line": 1}}}, "backend\\src\\prompt_optimizer\\artifact_manifest.py": {"executed_lines": [1, 3, 4, 5, 6, 7, 8, 9, 10, 11, 16, 20, 24, 25, 26, 27, 28, 29, 30, 31, 32, 33, 34, 36, 37, 39, 41, 43, 45, 46, 47, 49, 54, 56, 58, 59, 71, 72, 73, 84, 85, 86, 87, 89, 90, 92, 98, 99, 100, 104, 105, 106, 107, 110, 113, 114, 115, 116, 118, 127, 131, 132, 133, 135, 136, 137, 138, 140, 141, 142, 148, 149, 150, 151, 152, 153, 154, 155, 157, 159, 167, 168, 172, 174, 175, 176, 177, 178, 179, 180, 182, 183, 184, 185, 186, 189, 190, 191, 192, 193, 197, 198, 199, 204, 205, 206, 207, 208, 209], "summary": {"covered_lines": 109, "num_statements": 124, "percent_covered": 87.90322580645162, "percent_covered_display": "88", "missing_lines": 15, "excluded_lines": 0, "percent_statements_covered": 87.90322580645162, "percent_statements_covered_display": "88"}, "missing_lines": [38, 40, 42, 44, 48, 55, 88, 101, 134, 139, 156, 173, 194, 200, 201], "excluded_lines": [], "functions": {"ArtifactManifest.__post_init__": {"executed_lines": [37, 39, 41, 43, 45, 46, 47, 49, 54, 56], "summary": {"covered_lines": 10, "num_statements": 16, "percent_covered": 62.5, "percent_covered_display": "62", "missing_lines": 6, "excluded_lines": 0, "percent_statements_covered": 62.5, "percent_statements_covered_display": "62"}, "missing_lines": [38, 40, 42, 44, 48, 55], "excluded_lines": [], "start_line": 36}, "ArtifactManifest.as_mapping": {"executed_lines": [59], "summary": {"covered_lines": 1, "num_statements": 1, "percent_covered": 100.0, "percent_covered_display": "100", "missing_lines": 0, "excluded_lines": 0, "percent_statements_covered": 100.0, "percent_statements_covered_display": "100"}, "missing_lines": [], "excluded_lines": [], "start_line": 58}, "ArtifactManifest.from_mapping": {"executed_lines": [73, 84, 85, 86, 87, 89, 90], "summary": {"covered_lines": 7, "num_statements": 8, "percent_covered": 87.5, "percent_covered_display": "88", "missing_lines": 1, "excluded_lines": 0, "percent_statements_covered": 87.5, "percent_statements_covered_display": "88"}, "missing_lines": [88], "excluded_lines": [], "start_line": 72}, "ArtifactManifest.require_license_confirmation": {"executed_lines": [98, 99, 100], "summary": {"covered_lines": 3, "num_statements": 4, "percent_covered": 75.0, "percent_covered_display": "75", "missing_lines": 1, "excluded_lines": 0, "percent_statements_covered": 75.0, "percent_statements_covered_display": "75"}, "missing_lines": [101], "excluded_lines": [], "start_line": 92}, "ArtifactDownloader.__init__": {"executed_lines": [115, 116], "summary": {"covered_lines": 2, "num_statements": 2, "percent_covered": 100.0, "percent_covered_display": "100", "missing_lines": 0, "excluded_lines": 0, "percent_statements_covered": 100.0, "percent_statements_covered_display": "100"}, "missing_lines": [], "excluded_lines": [], "start_line": 114}, "ArtifactDownloader.download": {"executed_lines": [127, 131, 132, 133, 135, 136, 137, 138, 140, 141, 142, 148, 149, 150, 151, 152, 153, 154, 155, 157], "summary": {"covered_lines": 20, "num_statements": 23, "percent_covered": 86.95652173913044, "percent_covered_display": "87", "missing_lines": 3, "excluded_lines": 0, "percent_statements_covered": 86.95652173913044, "percent_statements_covered_display": "87"}, "missing_lines": [134, 139, 156], "excluded_lines": [], "start_line": 118}, "ArtifactDownloader.verify": {"executed_lines": [167, 168, 172, 174, 175, 176, 177, 178, 179, 180], "summary": {"covered_lines": 10, "num_statements": 11, "percent_covered": 90.9090909090909, "percent_covered_display": "91", "missing_lines": 1, "excluded_lines": 0, "percent_statements_covered": 90.9090909090909, "percent_statements_covered_display": "91"}, "missing_lines": [173], "excluded_lines": [], "start_line": 159}, "ArtifactDownloader._within_root": {"executed_lines": [183, 184, 185, 186], "summary": {"covered_lines": 4, "num_statements": 4, "percent_covered": 100.0, "percent_covered_display": "100", "missing_lines": 0, "excluded_lines": 0, "percent_statements_covered": 100.0, "percent_statements_covered_display": "100"}, "missing_lines": [], "excluded_lines": [], "start_line": 182}, "_validate_https_url": {"executed_lines": [190, 191, 192, 193], "summary": {"covered_lines": 4, "num_statements": 5, "percent_covered": 80.0, "percent_covered_display": "80", "missing_lines": 1, "excluded_lines": 0, "percent_statements_covered": 80.0, "percent_statements_covered_display": "80"}, "missing_lines": [194], "excluded_lines": [], "start_line": 189}, "_discard": {"executed_lines": [198, 199], "summary": {"covered_lines": 2, "num_statements": 4, "percent_covered": 50.0, "percent_covered_display": "50", "missing_lines": 2, "excluded_lines": 0, "percent_statements_covered": 50.0, "percent_statements_covered_display": "50"}, "missing_lines": [200, 201], "excluded_lines": [], "start_line": 197}, "_sha256": {"executed_lines": [205, 206, 207, 208, 209], "summary": {"covered_lines": 5, "num_statements": 5, "percent_covered": 100.0, "percent_covered_display": "100", "missing_lines": 0, "excluded_lines": 0, "percent_statements_covered": 100.0, "percent_statements_covered_display": "100"}, "missing_lines": [], "excluded_lines": [], "start_line": 204}, "": {"executed_lines": [1, 3, 4, 5, 6, 7, 8, 9, 10, 11, 16, 20, 24, 25, 26, 27, 28, 29, 30, 31, 32, 33, 34, 36, 58, 71, 72, 92, 104, 105, 106, 107, 110, 113, 114, 118, 159, 182, 189, 197, 204], "summary": {"covered_lines": 41, "num_statements": 41, "percent_covered": 100.0, "percent_covered_display": "100", "missing_lines": 0, "excluded_lines": 0, "percent_statements_covered": 100.0, "percent_statements_covered_display": "100"}, "missing_lines": [], "excluded_lines": [], "start_line": 1}}, "classes": {"ArtifactVerificationError": {"executed_lines": [], "summary": {"covered_lines": 0, "num_statements": 0, "percent_covered": 100.0, "percent_covered_display": "100", "missing_lines": 0, "excluded_lines": 0, "percent_statements_covered": 100.0, "percent_statements_covered_display": "100"}, "missing_lines": [], "excluded_lines": [], "start_line": 16}, "ArtifactDownloadError": {"executed_lines": [], "summary": {"covered_lines": 0, "num_statements": 0, "percent_covered": 100.0, "percent_covered_display": "100", "missing_lines": 0, "excluded_lines": 0, "percent_statements_covered": 100.0, "percent_statements_covered_display": "100"}, "missing_lines": [], "excluded_lines": [], "start_line": 20}, "ArtifactManifest": {"executed_lines": [37, 39, 41, 43, 45, 46, 47, 49, 54, 56, 59, 73, 84, 85, 86, 87, 89, 90, 98, 99, 100], "summary": {"covered_lines": 21, "num_statements": 29, "percent_covered": 72.41379310344827, "percent_covered_display": "72", "missing_lines": 8, "excluded_lines": 0, "percent_statements_covered": 72.41379310344827, "percent_statements_covered_display": "72"}, "missing_lines": [38, 40, 42, 44, 48, 55, 88, 101], "excluded_lines": [], "start_line": 25}, "ArtifactVerificationResult": {"executed_lines": [], "summary": {"covered_lines": 0, "num_statements": 0, "percent_covered": 100.0, "percent_covered_display": "100", "missing_lines": 0, "excluded_lines": 0, "percent_statements_covered": 100.0, "percent_statements_covered_display": "100"}, "missing_lines": [], "excluded_lines": [], "start_line": 105}, "ArtifactDownloader": {"executed_lines": [115, 116, 127, 131, 132, 133, 135, 136, 137, 138, 140, 141, 142, 148, 149, 150, 151, 152, 153, 154, 155, 157, 167, 168, 172, 174, 175, 176, 177, 178, 179, 180, 183, 184, 185, 186], "summary": {"covered_lines": 36, "num_statements": 40, "percent_covered": 90.0, "percent_covered_display": "90", "missing_lines": 4, "excluded_lines": 0, "percent_statements_covered": 90.0, "percent_statements_covered_display": "90"}, "missing_lines": [134, 139, 156, 173], "excluded_lines": [], "start_line": 113}, "": {"executed_lines": [1, 3, 4, 5, 6, 7, 8, 9, 10, 11, 16, 20, 24, 25, 26, 27, 28, 29, 30, 31, 32, 33, 34, 36, 58, 71, 72, 92, 104, 105, 106, 107, 110, 113, 114, 118, 159, 182, 189, 190, 191, 192, 193, 197, 198, 199, 204, 205, 206, 207, 208, 209], "summary": {"covered_lines": 52, "num_statements": 55, "percent_covered": 94.54545454545455, "percent_covered_display": "95", "missing_lines": 3, "excluded_lines": 0, "percent_statements_covered": 94.54545454545455, "percent_statements_covered_display": "95"}, "missing_lines": [194, 200, 201], "excluded_lines": [], "start_line": 1}}}, "backend\\src\\prompt_optimizer\\audit.py": {"executed_lines": [1, 3, 4, 5, 6, 7, 8, 9, 10, 11, 12, 16, 17, 18, 19, 50, 51, 52, 53, 54, 57, 58, 59, 60, 61, 62, 63, 64, 65, 66, 67, 68, 69, 70, 71, 72, 73, 74, 76, 77, 97, 100, 107, 108, 109, 110, 111, 113, 114, 115, 116, 119, 121, 123, 132, 147, 148, 149, 150, 151, 152, 163, 164, 165, 166, 167, 168, 169, 181, 182, 208, 210, 211, 230, 231, 233, 234, 236, 237, 239, 240, 242, 251, 252, 253, 254, 255, 256, 257, 258, 259, 261, 262, 263, 266, 267, 268, 272, 274, 275, 276, 278, 279, 281, 282, 283, 284, 289, 290, 291, 292, 294, 295, 296, 297, 298, 299, 300, 301, 302, 303, 304, 306, 307, 308, 309, 312, 313, 314, 315, 316, 317, 318, 320, 321, 322, 330, 334, 356, 360, 364, 365, 366, 367, 368, 369, 370, 373, 374, 377, 378, 380, 383, 384, 385, 386, 389, 390, 391, 392, 393, 394, 396, 397, 398, 399, 400, 403, 404, 406, 409, 410, 413, 414, 417, 418, 422, 423, 426, 429, 442, 460, 461, 468, 482, 483, 484, 487, 488, 508, 509, 510, 511, 512, 513, 514, 515, 519], "summary": {"covered_lines": 198, "num_statements": 212, "percent_covered": 93.39622641509433, "percent_covered_display": "93", "missing_lines": 14, "excluded_lines": 0, "percent_statements_covered": 93.39622641509433, "percent_statements_covered_display": "93"}, "missing_lines": [120, 124, 125, 126, 127, 209, 260, 264, 265, 277, 379, 395, 405, 419], "excluded_lines": [], "functions": {"AuditEvent.to_dict": {"executed_lines": [77], "summary": {"covered_lines": 1, "num_statements": 1, "percent_covered": 100.0, "percent_covered_display": "100", "missing_lines": 0, "excluded_lines": 0, "percent_statements_covered": 100.0, "percent_statements_covered_display": "100"}, "missing_lines": [], "excluded_lines": [], "start_line": 76}, "AuditLogService.__init__": {"executed_lines": [107, 108, 109, 110, 111], "summary": {"covered_lines": 5, "num_statements": 5, "percent_covered": 100.0, "percent_covered_display": "100", "missing_lines": 0, "excluded_lines": 0, "percent_statements_covered": 100.0, "percent_statements_covered_display": "100"}, "missing_lines": [], "excluded_lines": [], "start_line": 100}, "AuditLogService.retention_days": {"executed_lines": [115, 116, 119, 121], "summary": {"covered_lines": 4, "num_statements": 5, "percent_covered": 80.0, "percent_covered_display": "80", "missing_lines": 1, "excluded_lines": 0, "percent_statements_covered": 80.0, "percent_statements_covered_display": "80"}, "missing_lines": [120], "excluded_lines": [], "start_line": 114}, "AuditLogService.set_retention_days": {"executed_lines": [], "summary": {"covered_lines": 0, "num_statements": 4, "percent_covered": 0.0, "percent_covered_display": "0", "missing_lines": 4, "excluded_lines": 0, "percent_statements_covered": 0.0, "percent_statements_covered_display": "0"}, "missing_lines": [124, 125, 126, 127], "excluded_lines": [], "start_line": 123}, "AuditLogService.record": {"executed_lines": [147, 148, 149, 150, 151, 152, 163, 164, 165, 166, 167, 168, 169, 181, 182, 208, 210, 211], "summary": {"covered_lines": 18, "num_statements": 19, "percent_covered": 94.73684210526316, "percent_covered_display": "95", "missing_lines": 1, "excluded_lines": 0, "percent_statements_covered": 94.73684210526316, "percent_statements_covered_display": "95"}, "missing_lines": [209], "excluded_lines": [], "start_line": 132}, "AuditLogService.record_permission": {"executed_lines": [231], "summary": {"covered_lines": 1, "num_statements": 1, "percent_covered": 100.0, "percent_covered_display": "100", "missing_lines": 0, "excluded_lines": 0, "percent_statements_covered": 100.0, "percent_statements_covered_display": "100"}, "missing_lines": [], "excluded_lines": [], "start_line": 230}, "AuditLogService.record_tool": {"executed_lines": [234], "summary": {"covered_lines": 1, "num_statements": 1, "percent_covered": 100.0, "percent_covered_display": "100", "missing_lines": 0, "excluded_lines": 0, "percent_statements_covered": 100.0, "percent_statements_covered_display": "100"}, "missing_lines": [], "excluded_lines": [], "start_line": 233}, "AuditLogService.record_config": {"executed_lines": [237], "summary": {"covered_lines": 1, "num_statements": 1, "percent_covered": 100.0, "percent_covered_display": "100", "missing_lines": 0, "excluded_lines": 0, "percent_statements_covered": 100.0, "percent_statements_covered_display": "100"}, "missing_lines": [], "excluded_lines": [], "start_line": 236}, "AuditLogService.record_external_request": {"executed_lines": [240], "summary": {"covered_lines": 1, "num_statements": 1, "percent_covered": 100.0, "percent_covered_display": "100", "missing_lines": 0, "excluded_lines": 0, "percent_statements_covered": 100.0, "percent_statements_covered_display": "100"}, "missing_lines": [], "excluded_lines": [], "start_line": 239}, "AuditLogService.query": {"executed_lines": [251, 252, 253, 254, 255, 256, 257, 258, 259, 261, 262, 263, 266, 267, 268, 272], "summary": {"covered_lines": 16, "num_statements": 19, "percent_covered": 84.21052631578948, "percent_covered_display": "84", "missing_lines": 3, "excluded_lines": 0, "percent_statements_covered": 84.21052631578948, "percent_statements_covered_display": "84"}, "missing_lines": [260, 264, 265], "excluded_lines": [], "start_line": 242}, "AuditLogService.purge_expired": {"executed_lines": [275, 276, 278, 279], "summary": {"covered_lines": 4, "num_statements": 5, "percent_covered": 80.0, "percent_covered_display": "80", "missing_lines": 1, "excluded_lines": 0, "percent_statements_covered": 80.0, "percent_statements_covered_display": "80"}, "missing_lines": [277], "excluded_lines": [], "start_line": 274}, "AuditLogService.clear_session": {"executed_lines": [282, 283, 284], "summary": {"covered_lines": 3, "num_statements": 3, "percent_covered": 100.0, "percent_covered_display": "100", "missing_lines": 0, "excluded_lines": 0, "percent_statements_covered": 100.0, "percent_statements_covered_display": "100"}, "missing_lines": [], "excluded_lines": [], "start_line": 281}, "AuditLogService.clear_all": {"executed_lines": [290, 291, 292], "summary": {"covered_lines": 3, "num_statements": 3, "percent_covered": 100.0, "percent_covered_display": "100", "missing_lines": 0, "excluded_lines": 0, "percent_statements_covered": 100.0, "percent_statements_covered_display": "100"}, "missing_lines": [], "excluded_lines": [], "start_line": 289}, "AuditLogService.verify_chain": {"executed_lines": [295, 296, 297, 298, 299, 300, 301, 302, 303, 304], "summary": {"covered_lines": 10, "num_statements": 10, "percent_covered": 100.0, "percent_covered_display": "100", "missing_lines": 0, "excluded_lines": 0, "percent_statements_covered": 100.0, "percent_statements_covered_display": "100"}, "missing_lines": [], "excluded_lines": [], "start_line": 294}, "AuditLogService._delete": {"executed_lines": [307, 308, 309, 312, 313, 314, 315, 316, 317, 318], "summary": {"covered_lines": 10, "num_statements": 10, "percent_covered": 100.0, "percent_covered_display": "100", "missing_lines": 0, "excluded_lines": 0, "percent_statements_covered": 100.0, "percent_statements_covered_display": "100"}, "missing_lines": [], "excluded_lines": [], "start_line": 306}, "AuditLogService._initialize": {"executed_lines": [321, 322, 330, 334, 356, 360], "summary": {"covered_lines": 6, "num_statements": 6, "percent_covered": 100.0, "percent_covered_display": "100", "missing_lines": 0, "excluded_lines": 0, "percent_statements_covered": 100.0, "percent_statements_covered_display": "100"}, "missing_lines": [], "excluded_lines": [], "start_line": 320}, "AuditLogService._connect": {"executed_lines": [365, 366, 367, 368, 369, 370], "summary": {"covered_lines": 6, "num_statements": 6, "percent_covered": 100.0, "percent_covered_display": "100", "missing_lines": 0, "excluded_lines": 0, "percent_statements_covered": 100.0, "percent_statements_covered_display": "100"}, "missing_lines": [], "excluded_lines": [], "start_line": 364}, "_record_kwargs": {"executed_lines": [374], "summary": {"covered_lines": 1, "num_statements": 1, "percent_covered": 100.0, "percent_covered_display": "100", "missing_lines": 0, "excluded_lines": 0, "percent_statements_covered": 100.0, "percent_statements_covered_display": "100"}, "missing_lines": [], "excluded_lines": [], "start_line": 373}, "_required_text": {"executed_lines": [378, 380], "summary": {"covered_lines": 2, "num_statements": 3, "percent_covered": 66.66666666666667, "percent_covered_display": "67", "missing_lines": 1, "excluded_lines": 0, "percent_statements_covered": 66.66666666666667, "percent_statements_covered_display": "67"}, "missing_lines": [379], "excluded_lines": [], "start_line": 377}, "_optional_text": {"executed_lines": [384, 385, 386], "summary": {"covered_lines": 3, "num_statements": 3, "percent_covered": 100.0, "percent_covered_display": "100", "missing_lines": 0, "excluded_lines": 0, "percent_statements_covered": 100.0, "percent_statements_covered_display": "100"}, "missing_lines": [], "excluded_lines": [], "start_line": 383}, "_safe_metadata": {"executed_lines": [390, 391, 392, 393, 394, 396, 397, 398, 399, 400], "summary": {"covered_lines": 10, "num_statements": 11, "percent_covered": 90.9090909090909, "percent_covered_display": "91", "missing_lines": 1, "excluded_lines": 0, "percent_statements_covered": 90.9090909090909, "percent_statements_covered_display": "91"}, "missing_lines": [395], "excluded_lines": [], "start_line": 389}, "_utc": {"executed_lines": [404, 406], "summary": {"covered_lines": 2, "num_statements": 3, "percent_covered": 66.66666666666667, "percent_covered_display": "67", "missing_lines": 1, "excluded_lines": 0, "percent_statements_covered": 66.66666666666667, "percent_statements_covered_display": "67"}, "missing_lines": [405], "excluded_lines": [], "start_line": 403}, "_encode_retention": {"executed_lines": [410], "summary": {"covered_lines": 1, "num_statements": 1, "percent_covered": 100.0, "percent_covered_display": "100", "missing_lines": 0, "excluded_lines": 0, "percent_statements_covered": 100.0, "percent_statements_covered_display": "100"}, "missing_lines": [], "excluded_lines": [], "start_line": 409}, "_decode_retention": {"executed_lines": [414], "summary": {"covered_lines": 1, "num_statements": 1, "percent_covered": 100.0, "percent_covered_display": "100", "missing_lines": 0, "excluded_lines": 0, "percent_statements_covered": 100.0, "percent_statements_covered_display": "100"}, "missing_lines": [], "excluded_lines": [], "start_line": 413}, "_validate_retention_days": {"executed_lines": [418], "summary": {"covered_lines": 1, "num_statements": 2, "percent_covered": 50.0, "percent_covered_display": "50", "missing_lines": 1, "excluded_lines": 0, "percent_statements_covered": 50.0, "percent_statements_covered_display": "50"}, "missing_lines": [419], "excluded_lines": [], "start_line": 417}, "_latest_hash": {"executed_lines": [423, 426], "summary": {"covered_lines": 2, "num_statements": 2, "percent_covered": 100.0, "percent_covered_display": "100", "missing_lines": 0, "excluded_lines": 0, "percent_statements_covered": 100.0, "percent_statements_covered_display": "100"}, "missing_lines": [], "excluded_lines": [], "start_line": 422}, "_event_payload": {"executed_lines": [442], "summary": {"covered_lines": 1, "num_statements": 1, "percent_covered": 100.0, "percent_covered_display": "100", "missing_lines": 0, "excluded_lines": 0, "percent_statements_covered": 100.0, "percent_statements_covered_display": "100"}, "missing_lines": [], "excluded_lines": [], "start_line": 429}, "_event_payload_from_event": {"executed_lines": [461, 468], "summary": {"covered_lines": 2, "num_statements": 2, "percent_covered": 100.0, "percent_covered_display": "100", "missing_lines": 0, "excluded_lines": 0, "percent_statements_covered": 100.0, "percent_statements_covered_display": "100"}, "missing_lines": [], "excluded_lines": [], "start_line": 460}, "_hash_payload": {"executed_lines": [483, 484], "summary": {"covered_lines": 2, "num_statements": 2, "percent_covered": 100.0, "percent_covered_display": "100", "missing_lines": 0, "excluded_lines": 0, "percent_statements_covered": 100.0, "percent_statements_covered_display": "100"}, "missing_lines": [], "excluded_lines": [], "start_line": 482}, "_event_from_row": {"executed_lines": [488], "summary": {"covered_lines": 1, "num_statements": 1, "percent_covered": 100.0, "percent_covered_display": "100", "missing_lines": 0, "excluded_lines": 0, "percent_statements_covered": 100.0, "percent_statements_covered_display": "100"}, "missing_lines": [], "excluded_lines": [], "start_line": 487}, "_rebuild_chain": {"executed_lines": [509, 510, 511, 512, 513, 514, 515, 519], "summary": {"covered_lines": 8, "num_statements": 8, "percent_covered": 100.0, "percent_covered_display": "100", "missing_lines": 0, "excluded_lines": 0, "percent_statements_covered": 100.0, "percent_statements_covered_display": "100"}, "missing_lines": [], "excluded_lines": [], "start_line": 508}, "": {"executed_lines": [1, 3, 4, 5, 6, 7, 8, 9, 10, 11, 12, 16, 17, 18, 19, 50, 51, 52, 53, 54, 57, 58, 59, 60, 61, 62, 63, 64, 65, 66, 67, 68, 69, 70, 71, 72, 73, 74, 76, 97, 100, 113, 114, 123, 132, 230, 233, 236, 239, 242, 274, 281, 289, 294, 306, 320, 364, 373, 377, 383, 389, 403, 409, 413, 417, 422, 429, 460, 482, 487, 508], "summary": {"covered_lines": 71, "num_statements": 71, "percent_covered": 100.0, "percent_covered_display": "100", "missing_lines": 0, "excluded_lines": 0, "percent_statements_covered": 100.0, "percent_statements_covered_display": "100"}, "missing_lines": [], "excluded_lines": [], "start_line": 1}}, "classes": {"AuditCategory": {"executed_lines": [], "summary": {"covered_lines": 0, "num_statements": 0, "percent_covered": 100.0, "percent_covered_display": "100", "missing_lines": 0, "excluded_lines": 0, "percent_statements_covered": 100.0, "percent_statements_covered_display": "100"}, "missing_lines": [], "excluded_lines": [], "start_line": 50}, "AuditEvent": {"executed_lines": [77], "summary": {"covered_lines": 1, "num_statements": 1, "percent_covered": 100.0, "percent_covered_display": "100", "missing_lines": 0, "excluded_lines": 0, "percent_statements_covered": 100.0, "percent_statements_covered_display": "100"}, "missing_lines": [], "excluded_lines": [], "start_line": 58}, "AuditLogService": {"executed_lines": [107, 108, 109, 110, 111, 115, 116, 119, 121, 147, 148, 149, 150, 151, 152, 163, 164, 165, 166, 167, 168, 169, 181, 182, 208, 210, 211, 231, 234, 237, 240, 251, 252, 253, 254, 255, 256, 257, 258, 259, 261, 262, 263, 266, 267, 268, 272, 275, 276, 278, 279, 282, 283, 284, 290, 291, 292, 295, 296, 297, 298, 299, 300, 301, 302, 303, 304, 307, 308, 309, 312, 313, 314, 315, 316, 317, 318, 321, 322, 330, 334, 356, 360, 365, 366, 367, 368, 369, 370], "summary": {"covered_lines": 89, "num_statements": 99, "percent_covered": 89.8989898989899, "percent_covered_display": "90", "missing_lines": 10, "excluded_lines": 0, "percent_statements_covered": 89.8989898989899, "percent_statements_covered_display": "90"}, "missing_lines": [120, 124, 125, 126, 127, 209, 260, 264, 265, 277], "excluded_lines": [], "start_line": 97}, "": {"executed_lines": [1, 3, 4, 5, 6, 7, 8, 9, 10, 11, 12, 16, 17, 18, 19, 50, 51, 52, 53, 54, 57, 58, 59, 60, 61, 62, 63, 64, 65, 66, 67, 68, 69, 70, 71, 72, 73, 74, 76, 97, 100, 113, 114, 123, 132, 230, 233, 236, 239, 242, 274, 281, 289, 294, 306, 320, 364, 373, 374, 377, 378, 380, 383, 384, 385, 386, 389, 390, 391, 392, 393, 394, 396, 397, 398, 399, 400, 403, 404, 406, 409, 410, 413, 414, 417, 418, 422, 423, 426, 429, 442, 460, 461, 468, 482, 483, 484, 487, 488, 508, 509, 510, 511, 512, 513, 514, 515, 519], "summary": {"covered_lines": 108, "num_statements": 112, "percent_covered": 96.42857142857143, "percent_covered_display": "96", "missing_lines": 4, "excluded_lines": 0, "percent_statements_covered": 96.42857142857143, "percent_statements_covered_display": "96"}, "missing_lines": [379, 395, 405, 419], "excluded_lines": [], "start_line": 1}}}, "backend\\src\\prompt_optimizer\\auth\\__init__.py": {"executed_lines": [1, 3], "summary": {"covered_lines": 2, "num_statements": 2, "percent_covered": 100.0, "percent_covered_display": "100", "missing_lines": 0, "excluded_lines": 0, "percent_statements_covered": 100.0, "percent_statements_covered_display": "100"}, "missing_lines": [], "excluded_lines": [], "functions": {"": {"executed_lines": [1, 3], "summary": {"covered_lines": 2, "num_statements": 2, "percent_covered": 100.0, "percent_covered_display": "100", "missing_lines": 0, "excluded_lines": 0, "percent_statements_covered": 100.0, "percent_statements_covered_display": "100"}, "missing_lines": [], "excluded_lines": [], "start_line": 1}}, "classes": {"": {"executed_lines": [1, 3], "summary": {"covered_lines": 2, "num_statements": 2, "percent_covered": 100.0, "percent_covered_display": "100", "missing_lines": 0, "excluded_lines": 0, "percent_statements_covered": 100.0, "percent_statements_covered_display": "100"}, "missing_lines": [], "excluded_lines": [], "start_line": 1}}}, "backend\\src\\prompt_optimizer\\auth\\service.py": {"executed_lines": [1, 3, 4, 5, 6, 7, 8, 9, 11, 12, 17, 18, 21, 22, 23, 25, 26, 27, 33, 35, 36, 37, 40, 41, 43, 44, 45, 46, 51, 52, 53, 55, 56, 57, 59, 60, 62, 63, 64, 65, 67, 69, 71, 72, 73, 75, 76, 77, 78, 80, 81, 82, 83, 84, 87, 89], "summary": {"covered_lines": 56, "num_statements": 65, "percent_covered": 86.15384615384616, "percent_covered_display": "86", "missing_lines": 9, "excluded_lines": 0, "percent_statements_covered": 86.15384615384616, "percent_statements_covered_display": "86"}, "missing_lines": [38, 39, 58, 61, 66, 68, 85, 86, 88], "excluded_lines": [], "functions": {"AuthService.__init__": {"executed_lines": [23], "summary": {"covered_lines": 1, "num_statements": 1, "percent_covered": 100.0, "percent_covered_display": "100", "missing_lines": 0, "excluded_lines": 0, "percent_statements_covered": 100.0, "percent_statements_covered_display": "100"}, "missing_lines": [], "excluded_lines": [], "start_line": 22}, "AuthService.hash_password": {"executed_lines": [26, 27, 33], "summary": {"covered_lines": 3, "num_statements": 3, "percent_covered": 100.0, "percent_covered_display": "100", "missing_lines": 0, "excluded_lines": 0, "percent_statements_covered": 100.0, "percent_statements_covered_display": "100"}, "missing_lines": [], "excluded_lines": [], "start_line": 25}, "AuthService.verify_password": {"executed_lines": [36, 37, 40, 41], "summary": {"covered_lines": 4, "num_statements": 6, "percent_covered": 66.66666666666667, "percent_covered_display": "67", "missing_lines": 2, "excluded_lines": 0, "percent_statements_covered": 66.66666666666667, "percent_statements_covered_display": "67"}, "missing_lines": [38, 39], "excluded_lines": [], "start_line": 35}, "AuthService.create_token": {"executed_lines": [44, 45, 46, 51, 52, 53], "summary": {"covered_lines": 6, "num_statements": 6, "percent_covered": 100.0, "percent_covered_display": "100", "missing_lines": 0, "excluded_lines": 0, "percent_statements_covered": 100.0, "percent_statements_covered_display": "100"}, "missing_lines": [], "excluded_lines": [], "start_line": 43}, "AuthService.read_token": {"executed_lines": [56, 57, 59, 60, 62, 63, 64, 65, 67, 69], "summary": {"covered_lines": 10, "num_statements": 14, "percent_covered": 71.42857142857143, "percent_covered_display": "71", "missing_lines": 4, "excluded_lines": 0, "percent_statements_covered": 71.42857142857143, "percent_statements_covered_display": "71"}, "missing_lines": [58, 61, 66, 68], "excluded_lines": [], "start_line": 55}, "AuthService._sign": {"executed_lines": [72, 73], "summary": {"covered_lines": 2, "num_statements": 2, "percent_covered": 100.0, "percent_covered_display": "100", "missing_lines": 0, "excluded_lines": 0, "percent_statements_covered": 100.0, "percent_statements_covered_display": "100"}, "missing_lines": [], "excluded_lines": [], "start_line": 71}, "AuthService._encode": {"executed_lines": [77, 78], "summary": {"covered_lines": 2, "num_statements": 2, "percent_covered": 100.0, "percent_covered_display": "100", "missing_lines": 0, "excluded_lines": 0, "percent_statements_covered": 100.0, "percent_statements_covered_display": "100"}, "missing_lines": [], "excluded_lines": [], "start_line": 76}, "AuthService._decode": {"executed_lines": [82, 83, 84, 87, 89], "summary": {"covered_lines": 5, "num_statements": 8, "percent_covered": 62.5, "percent_covered_display": "62", "missing_lines": 3, "excluded_lines": 0, "percent_statements_covered": 62.5, "percent_statements_covered_display": "62"}, "missing_lines": [85, 86, 88], "excluded_lines": [], "start_line": 81}, "": {"executed_lines": [1, 3, 4, 5, 6, 7, 8, 9, 11, 12, 17, 18, 21, 22, 25, 35, 43, 55, 71, 75, 76, 80, 81], "summary": {"covered_lines": 23, "num_statements": 23, "percent_covered": 100.0, "percent_covered_display": "100", "missing_lines": 0, "excluded_lines": 0, "percent_statements_covered": 100.0, "percent_statements_covered_display": "100"}, "missing_lines": [], "excluded_lines": [], "start_line": 1}}, "classes": {"AuthError": {"executed_lines": [], "summary": {"covered_lines": 0, "num_statements": 0, "percent_covered": 100.0, "percent_covered_display": "100", "missing_lines": 0, "excluded_lines": 0, "percent_statements_covered": 100.0, "percent_statements_covered_display": "100"}, "missing_lines": [], "excluded_lines": [], "start_line": 17}, "AuthService": {"executed_lines": [23, 26, 27, 33, 36, 37, 40, 41, 44, 45, 46, 51, 52, 53, 56, 57, 59, 60, 62, 63, 64, 65, 67, 69, 72, 73, 77, 78, 82, 83, 84, 87, 89], "summary": {"covered_lines": 33, "num_statements": 42, "percent_covered": 78.57142857142857, "percent_covered_display": "79", "missing_lines": 9, "excluded_lines": 0, "percent_statements_covered": 78.57142857142857, "percent_statements_covered_display": "79"}, "missing_lines": [38, 39, 58, 61, 66, 68, 85, 86, 88], "excluded_lines": [], "start_line": 21}, "": {"executed_lines": [1, 3, 4, 5, 6, 7, 8, 9, 11, 12, 17, 18, 21, 22, 25, 35, 43, 55, 71, 75, 76, 80, 81], "summary": {"covered_lines": 23, "num_statements": 23, "percent_covered": 100.0, "percent_covered_display": "100", "missing_lines": 0, "excluded_lines": 0, "percent_statements_covered": 100.0, "percent_statements_covered_display": "100"}, "missing_lines": [], "excluded_lines": [], "start_line": 1}}}, "backend\\src\\prompt_optimizer\\cleanup.py": {"executed_lines": [1, 3, 4, 5, 6, 7, 9, 10, 15, 19, 20, 21, 22, 23, 25, 26, 33, 34, 35, 36, 37, 39, 47, 48, 56, 57, 58, 59, 61, 62, 63, 64, 66, 67, 68, 69, 70, 71, 72, 73, 74, 75, 76, 77, 78, 84, 87, 88, 89, 91, 92, 95, 98, 99, 100, 103, 105, 106, 107, 108, 109, 113, 115, 118, 119, 120, 121, 122, 123, 129, 130, 131, 133, 134, 135, 138, 139, 140, 141, 142, 143, 144, 145, 146, 147, 148, 153, 154, 157, 158, 159, 160, 161, 162, 163, 164, 167, 168, 169, 170, 171, 172, 173], "summary": {"covered_lines": 103, "num_statements": 121, "percent_covered": 85.12396694214875, "percent_covered_display": "85", "missing_lines": 18, "excluded_lines": 0, "percent_statements_covered": 85.12396694214875, "percent_statements_covered_display": "85"}, "missing_lines": [40, 85, 90, 93, 94, 101, 102, 104, 124, 125, 126, 132, 149, 150, 155, 156, 174, 175], "excluded_lines": [], "functions": {"CleanupPlan.display": {"executed_lines": [26], "summary": {"covered_lines": 1, "num_statements": 1, "percent_covered": 100.0, "percent_covered_display": "100", "missing_lines": 0, "excluded_lines": 0, "percent_statements_covered": 100.0, "percent_statements_covered_display": "100"}, "missing_lines": [], "excluded_lines": [], "start_line": 25}, "CleanupResult.display": {"executed_lines": [], "summary": {"covered_lines": 0, "num_statements": 1, "percent_covered": 0.0, "percent_covered_display": "0", "missing_lines": 1, "excluded_lines": 0, "percent_statements_covered": 0.0, "percent_statements_covered_display": "0"}, "missing_lines": [40], "excluded_lines": [], "start_line": 39}, "LocalDataCleanupService.__init__": {"executed_lines": [56, 57, 58, 59], "summary": {"covered_lines": 4, "num_statements": 4, "percent_covered": 100.0, "percent_covered_display": "100", "missing_lines": 0, "excluded_lines": 0, "percent_statements_covered": 100.0, "percent_statements_covered_display": "100"}, "missing_lines": [], "excluded_lines": [], "start_line": 48}, "LocalDataCleanupService.preview": {"executed_lines": [62, 63, 64], "summary": {"covered_lines": 3, "num_statements": 3, "percent_covered": 100.0, "percent_covered_display": "100", "missing_lines": 0, "excluded_lines": 0, "percent_statements_covered": 100.0, "percent_statements_covered_display": "100"}, "missing_lines": [], "excluded_lines": [], "start_line": 61}, "LocalDataCleanupService.clear_all": {"executed_lines": [67, 68, 69, 70, 71, 72, 73, 74, 75, 76, 77, 78], "summary": {"covered_lines": 12, "num_statements": 12, "percent_covered": 100.0, "percent_covered_display": "100", "missing_lines": 0, "excluded_lines": 0, "percent_statements_covered": 100.0, "percent_statements_covered_display": "100"}, "missing_lines": [], "excluded_lines": [], "start_line": 66}, "LocalDataCleanupService.delete_provider_credential": {"executed_lines": [], "summary": {"covered_lines": 0, "num_statements": 1, "percent_covered": 0.0, "percent_covered_display": "0", "missing_lines": 1, "excluded_lines": 0, "percent_statements_covered": 0.0, "percent_statements_covered_display": "0"}, "missing_lines": [85], "excluded_lines": [], "start_line": 84}, "LocalDataCleanupService._credential_refs": {"executed_lines": [88, 89, 91, 92, 95], "summary": {"covered_lines": 5, "num_statements": 8, "percent_covered": 62.5, "percent_covered_display": "62", "missing_lines": 3, "excluded_lines": 0, "percent_statements_covered": 62.5, "percent_statements_covered_display": "62"}, "missing_lines": [90, 93, 94], "excluded_lines": [], "start_line": 87}, "migrate_opaque_config": {"executed_lines": [99, 100, 103, 105, 106, 107, 108, 109, 113, 115], "summary": {"covered_lines": 10, "num_statements": 13, "percent_covered": 76.92307692307692, "percent_covered_display": "77", "missing_lines": 3, "excluded_lines": 0, "percent_statements_covered": 76.92307692307692, "percent_statements_covered_display": "77"}, "missing_lines": [101, 102, 104], "excluded_lines": [], "start_line": 98}, "_iter_values": {"executed_lines": [119, 120, 121, 122, 123], "summary": {"covered_lines": 5, "num_statements": 8, "percent_covered": 62.5, "percent_covered_display": "62", "missing_lines": 3, "excluded_lines": 0, "percent_statements_covered": 62.5, "percent_statements_covered_display": "62"}, "missing_lines": [124, 125, 126], "excluded_lines": [], "start_line": 118}, "_iter_credential_refs": {"executed_lines": [130, 131, 133, 134, 135], "summary": {"covered_lines": 5, "num_statements": 6, "percent_covered": 83.33333333333333, "percent_covered_display": "83", "missing_lines": 1, "excluded_lines": 0, "percent_statements_covered": 83.33333333333333, "percent_statements_covered_display": "83"}, "missing_lines": [132], "excluded_lines": [], "start_line": 129}, "_reject_plaintext_credentials": {"executed_lines": [139, 140, 141, 142, 143, 144, 145, 146, 147, 148], "summary": {"covered_lines": 10, "num_statements": 12, "percent_covered": 83.33333333333333, "percent_covered_display": "83", "missing_lines": 2, "excluded_lines": 0, "percent_statements_covered": 83.33333333333333, "percent_statements_covered_display": "83"}, "missing_lines": [149, 150], "excluded_lines": [], "start_line": 138}, "_secure_delete": {"executed_lines": [154, 157, 158, 159, 160, 161, 162, 163, 164], "summary": {"covered_lines": 9, "num_statements": 11, "percent_covered": 81.81818181818181, "percent_covered_display": "82", "missing_lines": 2, "excluded_lines": 0, "percent_statements_covered": 81.81818181818181, "percent_statements_covered_display": "82"}, "missing_lines": [155, 156], "excluded_lines": [], "start_line": 153}, "_overwrite_file": {"executed_lines": [168, 169, 170, 171, 172, 173], "summary": {"covered_lines": 6, "num_statements": 8, "percent_covered": 75.0, "percent_covered_display": "75", "missing_lines": 2, "excluded_lines": 0, "percent_statements_covered": 75.0, "percent_statements_covered_display": "75"}, "missing_lines": [174, 175], "excluded_lines": [], "start_line": 167}, "": {"executed_lines": [1, 3, 4, 5, 6, 7, 9, 10, 15, 19, 20, 21, 22, 23, 25, 33, 34, 35, 36, 37, 39, 47, 48, 61, 66, 84, 87, 98, 118, 129, 138, 153, 167], "summary": {"covered_lines": 33, "num_statements": 33, "percent_covered": 100.0, "percent_covered_display": "100", "missing_lines": 0, "excluded_lines": 0, "percent_statements_covered": 100.0, "percent_statements_covered_display": "100"}, "missing_lines": [], "excluded_lines": [], "start_line": 1}}, "classes": {"CleanupError": {"executed_lines": [], "summary": {"covered_lines": 0, "num_statements": 0, "percent_covered": 100.0, "percent_covered_display": "100", "missing_lin
[...]
23, 126, 129, 130, 131, 132, 133, 134, 137, 138, 139, 140, 143, 144, 146, 149, 150, 151, 153], "summary": {"covered_lines": 67, "num_statements": 70, "percent_covered": 95.71428571428571, "percent_covered_display": "96", "missing_lines": 3, "excluded_lines": 0, "percent_statements_covered": 95.71428571428571, "percent_statements_covered_display": "96"}, "missing_lines": [125, 145, 152], "excluded_lines": [], "functions": {"StructuredLogEvent.to_json": {"executed_lines": [64], "summary": {"covered_lines": 1, "num_statements": 1, "percent_covered": 100.0, "percent_covered_display": "100", "missing_lines": 0, "excluded_lines": 0, "percent_statements_covered": 100.0, "percent_statements_covered_display": "100"}, "missing_lines": [], "excluded_lines": [], "start_line": 63}, "StructuredLogEmitter.__init__": {"executed_lines": [74, 75], "summary": {"covered_lines": 2, "num_statements": 2, "percent_covered": 100.0, "percent_covered_display": "100", "missing_lines": 0, "excluded_lines": 0, "percent_statements_covered": 100.0, "percent_statements_covered_display": "100"}, "missing_lines": [], "excluded_lines": [], "start_line": 68}, "StructuredLogEmitter.emit": {"executed_lines": [89, 90, 102, 103, 104], "summary": {"covered_lines": 5, "num_statements": 5, "percent_covered": 100.0, "percent_covered_display": "100", "missing_lines": 0, "excluded_lines": 0, "percent_statements_covered": 100.0, "percent_statements_covered_display": "100"}, "missing_lines": [], "excluded_lines": [], "start_line": 77}, "redact_fields": {"executed_lines": [109], "summary": {"covered_lines": 1, "num_statements": 1, "percent_covered": 100.0, "percent_covered_display": "100", "missing_lines": 0, "excluded_lines": 0, "percent_statements_covered": 100.0, "percent_statements_covered_display": "100"}, "missing_lines": [], "excluded_lines": [], "start_line": 107}, "_redact_fields": {"executed_lines": [113, 114, 115, 116, 117, 118, 119, 120, 121, 122, 123, 126], "summary": {"covered_lines": 12, "num_statements": 13, "percent_covered": 92.3076923076923, "percent_covered_display": "92", "missing_lines": 1, "excluded_lines": 0, "percent_statements_covered": 92.3076923076923, "percent_statements_covered_display": "92"}, "missing_lines": [125], "excluded_lines": [], "start_line": 112}, "_id_or_none": {"executed_lines": [130, 131, 132, 133, 134], "summary": {"covered_lines": 5, "num_statements": 5, "percent_covered": 100.0, "percent_covered_display": "100", "missing_lines": 0, "excluded_lines": 0, "percent_statements_covered": 100.0, "percent_statements_covered_display": "100"}, "missing_lines": [], "excluded_lines": [], "start_line": 129}, "_safe_status": {"executed_lines": [138, 139, 140], "summary": {"covered_lines": 3, "num_statements": 3, "percent_covered": 100.0, "percent_covered_display": "100", "missing_lines": 0, "excluded_lines": 0, "percent_statements_covered": 100.0, "percent_statements_covered_display": "100"}, "missing_lines": [], "excluded_lines": [], "start_line": 137}, "_utc": {"executed_lines": [144, 146], "summary": {"covered_lines": 2, "num_statements": 3, "percent_covered": 66.66666666666667, "percent_covered_display": "67", "missing_lines": 1, "excluded_lines": 0, "percent_statements_covered": 66.66666666666667, "percent_statements_covered_display": "67"}, "missing_lines": [145], "excluded_lines": [], "start_line": 143}, "validate_log_json": {"executed_lines": [150, 151, 153], "summary": {"covered_lines": 3, "num_statements": 4, "percent_covered": 75.0, "percent_covered_display": "75", "missing_lines": 1, "excluded_lines": 0, "percent_statements_covered": 75.0, "percent_statements_covered_display": "75"}, "missing_lines": [152], "excluded_lines": [], "start_line": 149}, "": {"executed_lines": [1, 3, 4, 5, 6, 8, 10, 14, 15, 17, 48, 49, 51, 52, 53, 54, 55, 56, 57, 58, 59, 60, 61, 63, 67, 68, 77, 107, 112, 129, 137, 143, 149], "summary": {"covered_lines": 33, "num_statements": 33, "percent_covered": 100.0, "percent_covered_display": "100", "missing_lines": 0, "excluded_lines": 0, "percent_statements_covered": 100.0, "percent_statements_covered_display": "100"}, "missing_lines": [], "excluded_lines": [], "start_line": 1}}, "classes": {"StructuredLogEvent": {"executed_lines": [64], "summary": {"covered_lines": 1, "num_statements": 1, "percent_covered": 100.0, "percent_covered_display": "100", "missing_lines": 0, "excluded_lines": 0, "percent_statements_covered": 100.0, "percent_statements_covered_display": "100"}, "missing_lines": [], "excluded_lines": [], "start_line": 48}, "StructuredLogEmitter": {"executed_lines": [74, 75, 89, 90, 102, 103, 104], "summary": {"covered_lines": 7, "num_statements": 7, "percent_covered": 100.0, "percent_covered_display": "100", "missing_lines": 0, "excluded_lines": 0, "percent_statements_covered": 100.0, "percent_statements_covered_display": "100"}, "missing_lines": [], "excluded_lines": [], "start_line": 67}, "": {"executed_lines": [1, 3, 4, 5, 6, 8, 10, 14, 15, 17, 48, 49, 51, 52, 53, 54, 55, 56, 57, 58, 59, 60, 61, 63, 67, 68, 77, 107, 109, 112, 113, 114, 115, 116, 117, 118, 119, 120, 121, 122, 123, 126, 129, 130, 131, 132, 133, 134, 137, 138, 139, 140, 143, 144, 146, 149, 150, 151, 153], "summary": {"covered_lines": 59, "num_statements": 62, "percent_covered": 95.16129032258064, "percent_covered_display": "95", "missing_lines": 3, "excluded_lines": 0, "percent_statements_covered": 95.16129032258064, "percent_statements_covered_display": "95"}, "missing_lines": [125, 145, 152], "excluded_lines": [], "start_line": 1}}}, "backend\\src\\prompt_optimizer\\sync.py": {"executed_lines": [1, 3, 4, 5, 10, 14, 18, 22, 27, 28, 29, 30, 31, 34, 37, 38, 39, 41, 42, 48, 49, 50, 51, 52], "summary": {"covered_lines": 24, "num_statements": 27, "percent_covered": 88.88888888888889, "percent_covered_display": "89", "missing_lines": 3, "excluded_lines": 4, "percent_statements_covered": 88.88888888888889, "percent_statements_covered_display": "89"}, "missing_lines": [53, 54, 55], "excluded_lines": [23, 24, 25, 26], "functions": {"SyncTransport.push": {"executed_lines": [], "summary": {"covered_lines": 0, "num_statements": 0, "percent_covered": 100.0, "percent_covered_display": "100", "missing_lines": 0, "excluded_lines": 1, "percent_statements_covered": 100.0, "percent_statements_covered_display": "100"}, "missing_lines": [], "excluded_lines": [24], "start_line": 23}, "OptionalSyncService.__init__": {"executed_lines": [38, 39], "summary": {"covered_lines": 2, "num_statements": 2, "percent_covered": 100.0, "percent_covered_display": "100", "missing_lines": 0, "excluded_lines": 0, "percent_statements_covered": 100.0, "percent_statements_covered_display": "100"}, "missing_lines": [], "excluded_lines": [], "start_line": 37}, "OptionalSyncService.status": {"executed_lines": [42], "summary": {"covered_lines": 1, "num_statements": 1, "percent_covered": 100.0, "percent_covered_display": "100", "missing_lines": 0, "excluded_lines": 0, "percent_statements_covered": 100.0, "percent_statements_covered_display": "100"}, "missing_lines": [], "excluded_lines": [], "start_line": 41}, "OptionalSyncService.push": {"executed_lines": [49, 50, 51, 52], "summary": {"covered_lines": 4, "num_statements": 7, "percent_covered": 57.142857142857146, "percent_covered_display": "57", "missing_lines": 3, "excluded_lines": 0, "percent_statements_covered": 57.142857142857146, "percent_statements_covered_display": "57"}, "missing_lines": [53, 54, 55], "excluded_lines": [], "start_line": 48}, "": {"executed_lines": [1, 3, 4, 5, 10, 14, 18, 22, 27, 28, 29, 30, 31, 34, 37, 41, 48], "summary": {"covered_lines": 17, "num_statements": 17, "percent_covered": 100.0, "percent_covered_display": "100", "missing_lines": 0, "excluded_lines": 3, "percent_statements_covered": 100.0, "percent_statements_covered_display": "100"}, "missing_lines": [], "excluded_lines": [23, 25, 26], "start_line": 1}}, "classes": {"SyncError": {"executed_lines": [], "summary": {"covered_lines": 0, "num_statements": 0, "percent_covered": 100.0, "percent_covered_display": "100", "missing_lines": 0, "excluded_lines": 0, "percent_statements_covered": 100.0, "percent_statements_covered_display": "100"}, "missing_lines": [], "excluded_lines": [], "start_line": 10}, "SyncDisabledError": {"executed_lines": [], "summary": {"covered_lines": 0, "num_statements": 0, "percent_covered": 100.0, "percent_covered_display": "100", "missing_lines": 0, "excluded_lines": 0, "percent_statements_covered": 100.0, "percent_statements_covered_display": "100"}, "missing_lines": [], "excluded_lines": [], "start_line": 14}, "SyncAuthorizationError": {"executed_lines": [], "summary": {"covered_lines": 0, "num_statements": 0, "percent_covered": 100.0, "percent_covered_display": "100", "missing_lines": 0, "excluded_lines": 0, "percent_statements_covered": 100.0, "percent_statements_covered_display": "100"}, "missing_lines": [], "excluded_lines": [], "start_line": 18}, "SyncTransport": {"executed_lines": [], "summary": {"covered_lines": 0, "num_statements": 0, "percent_covered": 100.0, "percent_covered_display": "100", "missing_lines": 0, "excluded_lines": 1, "percent_statements_covered": 100.0, "percent_statements_covered_display": "100"}, "missing_lines": [], "excluded_lines": [24], "start_line": 22}, "SyncStatus": {"executed_lines": [], "summary": {"covered_lines": 0, "num_statements": 0, "percent_covered": 100.0, "percent_covered_display": "100", "missing_lines": 0, "excluded_lines": 0, "percent_statements_covered": 100.0, "percent_statements_covered_display": "100"}, "missing_lines": [], "excluded_lines": [], "start_line": 28}, "OptionalSyncService": {"executed_lines": [38, 39, 42, 49, 50, 51, 52], "summary": {"covered_lines": 7, "num_statements": 10, "percent_covered": 70.0, "percent_covered_display": "70", "missing_lines": 3, "excluded_lines": 0, "percent_statements_covered": 70.0, "percent_statements_covered_display": "70"}, "missing_lines": [53, 54, 55], "excluded_lines": [], "start_line": 34}, "": {"executed_lines": [1, 3, 4, 5, 10, 14, 18, 22, 27, 28, 29, 30, 31, 34, 37, 41, 48], "summary": {"covered_lines": 17, "num_statements": 17, "percent_covered": 100.0, "percent_covered_display": "100", "missing_lines": 0, "excluded_lines": 3, "percent_statements_covered": 100.0, "percent_statements_covered_display": "100"}, "missing_lines": [], "excluded_lines": [23, 25, 26], "start_line": 1}}}, "backend\\src\\prompt_optimizer\\tasks\\__init__.py": {"executed_lines": [1, 3], "summary": {"covered_lines": 2, "num_statements": 2, "percent_covered": 100.0, "percent_covered_display": "100", "missing_lines": 0, "excluded_lines": 0, "percent_statements_covered": 100.0, "percent_statements_covered_display": "100"}, "missing_lines": [], "excluded_lines": [], "functions": {"": {"executed_lines": [1, 3], "summary": {"covered_lines": 2, "num_statements": 2, "percent_covered": 100.0, "percent_covered_display": "100", "missing_lines": 0, "excluded_lines": 0, "percent_statements_covered": 100.0, "percent_statements_covered_display": "100"}, "missing_lines": [], "excluded_lines": [], "start_line": 1}}, "classes": {"": {"executed_lines": [1, 3], "summary": {"covered_lines": 2, "num_statements": 2, "percent_covered": 100.0, "percent_covered_display": "100", "missing_lines": 0, "excluded_lines": 0, "percent_statements_covered": 100.0, "percent_statements_covered_display": "100"}, "missing_lines": [], "excluded_lines": [], "start_line": 1}}}, "backend\\src\\prompt_optimizer\\tasks\\service.py": {"executed_lines": [1, 3, 4, 5, 7, 8, 13, 14, 15, 17, 24, 31, 32, 34, 35, 37, 38, 39, 40, 41, 42, 43, 44], "summary": {"covered_lines": 23, "num_statements": 23, "percent_covered": 100.0, "percent_covered_display": "100", "missing_lines": 0, "excluded_lines": 0, "percent_statements_covered": 100.0, "percent_statements_covered_display": "100"}, "missing_lines": [], "excluded_lines": [], "functions": {"TaskService.__init__": {"executed_lines": [15], "summary": {"covered_lines": 1, "num_statements": 1, "percent_covered": 100.0, "percent_covered_display": "100", "missing_lines": 0, "excluded_lines": 0, "percent_statements_covered": 100.0, "percent_statements_covered_display": "100"}, "missing_lines": [], "excluded_lines": [], "start_line": 14}, "TaskService.create": {"executed_lines": [24], "summary": {"covered_lines": 1, "num_statements": 1, "percent_covered": 100.0, "percent_covered_display": "100", "missing_lines": 0, "excluded_lines": 0, "percent_statements_covered": 100.0, "percent_statements_covered_display": "100"}, "missing_lines": [], "excluded_lines": [], "start_line": 17}, "TaskService.get": {"executed_lines": [32], "summary": {"covered_lines": 1, "num_statements": 1, "percent_covered": 100.0, "percent_covered_display": "100", "missing_lines": 0, "excluded_lines": 0, "percent_statements_covered": 100.0, "percent_statements_covered_display": "100"}, "missing_lines": [], "excluded_lines": [], "start_line": 31}, "TaskService.recover_incomplete": {"executed_lines": [35], "summary": {"covered_lines": 1, "num_statements": 1, "percent_covered": 100.0, "percent_covered_display": "100", "missing_lines": 0, "excluded_lines": 0, "percent_statements_covered": 100.0, "percent_statements_covered_display": "100"}, "missing_lines": [], "excluded_lines": [], "start_line": 34}, "TaskService.run": {"executed_lines": [38, 39, 40, 41, 42, 43, 44], "summary": {"covered_lines": 7, "num_statements": 7, "percent_covered": 100.0, "percent_covered_display": "100", "missing_lines": 0, "excluded_lines": 0, "percent_statements_covered": 100.0, "percent_statements_covered_display": "100"}, "missing_lines": [], "excluded_lines": [], "start_line": 37}, "": {"executed_lines": [1, 3, 4, 5, 7, 8, 13, 14, 17, 31, 34, 37], "summary": {"covered_lines": 12, "num_statements": 12, "percent_covered": 100.0, "percent_covered_display": "100", "missing_lines": 0, "excluded_lines": 0, "percent_statements_covered": 100.0, "percent_statements_covered_display": "100"}, "missing_lines": [], "excluded_lines": [], "start_line": 1}}, "classes": {"TaskService": {"executed_lines": [15, 24, 32, 35, 38, 39, 40, 41, 42, 43, 44], "summary": {"covered_lines": 11, "num_statements": 11, "percent_covered": 100.0, "percent_covered_display": "100", "missing_lines": 0, "excluded_lines": 0, "percent_statements_covered": 100.0, "percent_statements_covered_display": "100"}, "missing_lines": [], "excluded_lines": [], "start_line": 13}, "": {"executed_lines": [1, 3, 4, 5, 7, 8, 13, 14, 17, 31, 34, 37], "summary": {"covered_lines": 12, "num_statements": 12, "percent_covered": 100.0, "percent_covered_display": "100", "missing_lines": 0, "excluded_lines": 0, "percent_statements_covered": 100.0, "percent_statements_covered_display": "100"}, "missing_lines": [], "excluded_lines": [], "start_line": 1}}}, "backend\\src\\prompt_optimizer\\templates\\__init__.py": {"executed_lines": [1, 3], "summary": {"covered_lines": 2, "num_statements": 2, "percent_covered": 100.0, "percent_covered_display": "100", "missing_lines": 0, "excluded_lines": 0, "percent_statements_covered": 100.0, "percent_statements_covered_display": "100"}, "missing_lines": [], "excluded_lines": [], "functions": {"": {"executed_lines": [1, 3], "summary": {"covered_lines": 2, "num_statements": 2, "percent_covered": 100.0, "percent_covered_display": "100", "missing_lines": 0, "excluded_lines": 0, "percent_statements_covered": 100.0, "percent_statements_covered_display": "100"}, "missing_lines": [], "excluded_lines": [], "start_line": 1}}, "classes": {"": {"executed_lines": [1, 3], "summary": {"covered_lines": 2, "num_statements": 2, "percent_covered": 100.0, "percent_covered_display": "100", "missing_lines": 0, "excluded_lines": 0, "percent_statements_covered": 100.0, "percent_statements_covered_display": "100"}, "missing_lines": [], "excluded_lines": [], "start_line": 1}}}, "backend\\src\\prompt_optimizer\\templates\\manager.py": {"executed_lines": [1, 3, 4, 6, 8, 9, 12, 13, 14, 15, 17, 18, 19, 20, 23, 24, 25, 26, 29, 30, 32, 33, 34, 35, 36, 37, 39, 40, 41, 42, 43, 44, 45, 46, 47, 48], "summary": {"covered_lines": 36, "num_statements": 38, "percent_covered": 94.73684210526316, "percent_covered_display": "95", "missing_lines": 2, "excluded_lines": 0, "percent_statements_covered": 94.73684210526316, "percent_statements_covered_display": "95"}, "missing_lines": [21, 27], "excluded_lines": [], "functions": {"TemplateManager.__init__": {"executed_lines": [14, 15], "summary": {"covered_lines": 2, "num_statements": 2, "percent_covered": 100.0, "percent_covered_display": "100", "missing_lines": 0, "excluded_lines": 0, "percent_statements_covered": 100.0, "percent_statements_covered_display": "100"}, "missing_lines": [], "excluded_lines": [], "start_line": 13}, "TemplateManager.list_templates": {"executed_lines": [18, 19, 20], "summary": {"covered_lines": 3, "num_statements": 4, "percent_covered": 75.0, "percent_covered_display": "75", "missing_lines": 1, "excluded_lines": 0, "percent_statements_covered": 75.0, "percent_statements_covered_display": "75"}, "missing_lines": [21], "excluded_lines": [], "start_line": 17}, "TemplateManager.get": {"executed_lines": [24, 25, 26], "summary": {"covered_lines": 3, "num_statements": 4, "percent_covered": 75.0, "percent_covered_display": "75", "missing_lines": 1, "excluded_lines": 0, "percent_statements_covered": 75.0, "percent_statements_covered_display": "75"}, "missing_lines": [27], "excluded_lines": [], "start_line": 23}, "TemplateManager.categories": {"executed_lines": [30], "summary": {"covered_lines": 1, "num_statements": 1, "percent_covered": 100.0, "percent_covered_display": "100", "missing_lines": 0, "excluded_lines": 0, "percent_statements_covered": 100.0, "percent_statements_covered_display": "100"}, "missing_lines": [], "excluded_lines": [], "start_line": 29}, "TemplateManager.render": {"executed_lines": [33, 34, 35, 36, 37], "summary": {"covered_lines": 5, "num_statements": 5, "percent_covered": 100.0, "percent_covered_display": "100", "missing_lines": 0, "excluded_lines": 0, "percent_statements_covered": 100.0, "percent_statements_covered_display": "100"}, "missing_lines": [], "excluded_lines": [], "start_line": 32}, "TemplateManager._load": {"executed_lines": [40, 41, 42, 43, 44, 45, 46, 47, 48], "summary": {"covered_lines": 9, "num_statements": 9, "percent_covered": 100.0, "percent_covered_display": "100", "missing_lines": 0, "excluded_lines": 0, "percent_statements_covered": 100.0, "percent_statements_covered_display": "100"}, "missing_lines": [], "excluded_lines": [], "start_line": 39}, "": {"executed_lines": [1, 3, 4, 6, 8, 9, 12, 13, 17, 23, 29, 32, 39], "summary": {"covered_lines": 13, "num_statements": 13, "percent_covered": 100.0, "percent_covered_display": "100", "missing_lines": 0, "excluded_lines": 0, "percent_statements_covered": 100.0, "percent_statements_covered_display": "100"}, "missing_lines": [], "excluded_lines": [], "start_line": 1}}, "classes": {"TemplateManager": {"executed_lines": [14, 15, 18, 19, 20, 24, 25, 26, 30, 33, 34, 35, 36, 37, 40, 41, 42, 43, 44, 45, 46, 47, 48], "summary": {"covered_lines": 23, "num_statements": 25, "percent_covered": 92.0, "percent_covered_display": "92", "missing_lines": 2, "excluded_lines": 0, "percent_statements_covered": 92.0, "percent_statements_covered_display": "92"}, "missing_lines": [21, 27], "excluded_lines": [], "start_line": 12}, "": {"executed_lines": [1, 3, 4, 6, 8, 9, 12, 13, 17, 23, 29, 32, 39], "summary": {"covered_lines": 13, "num_statements": 13, "percent_covered": 100.0, "percent_covered_display": "100", "missing_lines": 0, "excluded_lines": 0, "percent_statements_covered": 100.0, "percent_statements_covered_display": "100"}, "missing_lines": [], "excluded_lines": [], "start_line": 1}}}}, "totals": {"covered_lines": 7090, "num_statements": 8245, "percent_covered": 85.99151000606427, "percent_covered_display": "86", "missing_lines": 1155, "excluded_lines": 89, "percent_statements_covered": 85.99151000606427, "percent_statements_covered_display": "86"}}